{"C:\\Users\\Ben\\Desktop\\src\\asp2\\assignment2\\api\\users\\userModel.js":{"path":"C:\\Users\\Ben\\Desktop\\src\\asp2\\assignment2\\api\\users\\userModel.js","statementMap":{"0":{"start":{"line":3,"column":29},"end":{"line":3,"column":84}},"1":{"start":{"line":4,"column":0},"end":{"line":6,"column":3}},"2":{"start":{"line":7,"column":0},"end":{"line":7,"column":28}},"3":{"start":{"line":8,"column":16},"end":{"line":8,"column":59}},"4":{"start":{"line":9,"column":20},"end":{"line":9,"column":68}},"5":{"start":{"line":10,"column":13},"end":{"line":10,"column":40}},"6":{"start":{"line":11,"column":17},"end":{"line":27,"column":2}},"7":{"start":{"line":28,"column":0},"end":{"line":32,"column":2}},"8":{"start":{"line":29,"column":2},"end":{"line":31,"column":5}},"9":{"start":{"line":33,"column":0},"end":{"line":40,"column":2}},"10":{"start":{"line":34,"column":2},"end":{"line":39,"column":5}},"11":{"start":{"line":35,"column":4},"end":{"line":37,"column":5}},"12":{"start":{"line":36,"column":6},"end":{"line":36,"column":27}},"13":{"start":{"line":38,"column":4},"end":{"line":38,"column":28}},"14":{"start":{"line":41,"column":0},"end":{"line":59,"column":3}},"15":{"start":{"line":42,"column":13},"end":{"line":42,"column":17}},"16":{"start":{"line":43,"column":2},"end":{"line":58,"column":3}},"17":{"start":{"line":44,"column":4},"end":{"line":55,"column":7}},"18":{"start":{"line":45,"column":6},"end":{"line":47,"column":7}},"19":{"start":{"line":46,"column":8},"end":{"line":46,"column":25}},"20":{"start":{"line":48,"column":6},"end":{"line":54,"column":9}},"21":{"start":{"line":49,"column":8},"end":{"line":51,"column":9}},"22":{"start":{"line":50,"column":10},"end":{"line":50,"column":27}},"23":{"start":{"line":52,"column":8},"end":{"line":52,"column":29}},"24":{"start":{"line":53,"column":8},"end":{"line":53,"column":15}},"25":{"start":{"line":57,"column":4},"end":{"line":57,"column":18}},"26":{"start":{"line":60,"column":15},"end":{"line":60,"column":61}},"27":{"start":{"line":61,"column":0},"end":{"line":61,"column":30}}},"fnMap":{"0":{"name":"(anonymous_0)","decl":{"start":{"line":28,"column":36},"end":{"line":28,"column":37}},"loc":{"start":{"line":28,"column":56},"end":{"line":32,"column":1}},"line":28},"1":{"name":"(anonymous_1)","decl":{"start":{"line":33,"column":37},"end":{"line":33,"column":38}},"loc":{"start":{"line":33,"column":64},"end":{"line":40,"column":1}},"line":33},"2":{"name":"(anonymous_2)","decl":{"start":{"line":34,"column":57},"end":{"line":34,"column":58}},"loc":{"start":{"line":34,"column":81},"end":{"line":39,"column":3}},"line":34},"3":{"name":"(anonymous_3)","decl":{"start":{"line":41,"column":23},"end":{"line":41,"column":24}},"loc":{"start":{"line":41,"column":39},"end":{"line":59,"column":1}},"line":41},"4":{"name":"(anonymous_4)","decl":{"start":{"line":44,"column":41},"end":{"line":44,"column":42}},"loc":{"start":{"line":44,"column":62},"end":{"line":55,"column":5}},"line":44},"5":{"name":"(anonymous_5)","decl":{"start":{"line":48,"column":63},"end":{"line":48,"column":64}},"loc":{"start":{"line":48,"column":84},"end":{"line":54,"column":7}},"line":48}},"branchMap":{"0":{"loc":{"start":{"line":35,"column":4},"end":{"line":37,"column":5}},"type":"if","locations":[{"start":{"line":35,"column":4},"end":{"line":37,"column":5}},{"start":{"line":35,"column":4},"end":{"line":37,"column":5}}],"line":35},"1":{"loc":{"start":{"line":43,"column":2},"end":{"line":58,"column":3}},"type":"if","locations":[{"start":{"line":43,"column":2},"end":{"line":58,"column":3}},{"start":{"line":43,"column":2},"end":{"line":58,"column":3}}],"line":43},"2":{"loc":{"start":{"line":43,"column":6},"end":{"line":43,"column":47}},"type":"binary-expr","locations":[{"start":{"line":43,"column":6},"end":{"line":43,"column":33}},{"start":{"line":43,"column":37},"end":{"line":43,"column":47}}],"line":43},"3":{"loc":{"start":{"line":45,"column":6},"end":{"line":47,"column":7}},"type":"if","locations":[{"start":{"line":45,"column":6},"end":{"line":47,"column":7}},{"start":{"line":45,"column":6},"end":{"line":47,"column":7}}],"line":45},"4":{"loc":{"start":{"line":49,"column":8},"end":{"line":51,"column":9}},"type":"if","locations":[{"start":{"line":49,"column":8},"end":{"line":51,"column":9}},{"start":{"line":49,"column":8},"end":{"line":51,"column":9}}],"line":49}},"s":{"0":1,"1":1,"2":1,"3":1,"4":1,"5":1,"6":1,"7":1,"8":75,"9":1,"10":42,"11":42,"12":0,"13":42,"14":1,"15":73,"16":73,"17":69,"18":69,"19":0,"20":69,"21":69,"22":0,"23":69,"24":69,"25":4,"26":1,"27":1},"f":{"0":75,"1":42,"2":42,"3":73,"4":69,"5":69},"b":{"0":[0,42],"1":[69,4],"2":[73,4],"3":[0,69],"4":[0,69]},"inputSourceMap":{"version":3,"names":["Schema","mongoose","UserSchema","username","type","String","unique","required","password","favouriteMovies","Number","favouriteTv","statics","findByUserName","findOne","methods","comparePassword","passw","callback","bcrypt","compare","err","isMatch","pre","next","user","isModified","isNew","genSalt","salt","hash","model"],"sourceRoot":"C:\\Users\\Ben\\Desktop\\src\\asp2\\assignment2\\api\\users\\","sources":["userModel.js"],"sourcesContent":["import mongoose from 'mongoose';\r\nimport bcrypt from 'bcrypt-nodejs';\r\n\r\nconst Schema = mongoose.Schema;\r\n\r\n\r\nconst UserSchema = new Schema({\r\n  username: { type: String, unique: true, required: true},\r\n  password: {type: String, required: true },\r\n  favouriteMovies: [{type: Number}],\r\n  favouriteTv: [{type: Number}]\r\n});\r\n\r\nUserSchema.statics.findByUserName = function (username) {\r\n    return this.findOne({ username: username });\r\n  };\r\n  \r\nUserSchema.methods.comparePassword = function (passw, callback) {\r\n  bcrypt.compare(passw, this.password, (err, isMatch) => {\r\n    if (err) {\r\n      return callback(err);\r\n    }\r\n    callback(null, isMatch);\r\n  });\r\n};\r\n\r\nUserSchema.pre('save', function(next) {\r\n    const user = this;\r\n    if (this.isModified('password') || this.isNew) {\r\n        bcrypt.genSalt(10, (err, salt)=> {\r\n            if (err) {\r\n                return next(err);\r\n            }\r\n            bcrypt.hash(user.password, salt, null, (err, hash)=> {\r\n                if (err) {\r\n                    return next(err);\r\n                }\r\n                user.password = hash;\r\n                next();\r\n            });\r\n        });\r\n    } else {\r\n        return next();\r\n    }\r\n});\r\n\r\nexport default mongoose.model('User', UserSchema);"],"mappings":";;;;;;;AAAA;AACA;AAEA,IAAMA,MAAM,GAAGC,oBAAQ,CAACD,MAAM;AAG9B,IAAME,UAAU,GAAG,IAAIF,MAAM,CAAC;EAC5BG,QAAQ,EAAE;IAAEC,IAAI,EAAEC,MAAM;IAAEC,MAAM,EAAE,IAAI;IAAEC,QAAQ,EAAE;EAAI,CAAC;EACvDC,QAAQ,EAAE;IAACJ,IAAI,EAAEC,MAAM;IAAEE,QAAQ,EAAE;EAAK,CAAC;EACzCE,eAAe,EAAE,CAAC;IAACL,IAAI,EAAEM;EAAM,CAAC,CAAC;EACjCC,WAAW,EAAE,CAAC;IAACP,IAAI,EAAEM;EAAM,CAAC;AAC9B,CAAC,CAAC;AAEFR,UAAU,CAACU,OAAO,CAACC,cAAc,GAAG,UAAUV,QAAQ,EAAE;EACpD,OAAO,IAAI,CAACW,OAAO,CAAC;IAAEX,QAAQ,EAAEA;EAAS,CAAC,CAAC;AAC7C,CAAC;AAEHD,UAAU,CAACa,OAAO,CAACC,eAAe,GAAG,UAAUC,KAAK,EAAEC,QAAQ,EAAE;EAC9DC,wBAAM,CAACC,OAAO,CAACH,KAAK,EAAE,IAAI,CAACT,QAAQ,EAAE,UAACa,GAAG,EAAEC,OAAO,EAAK;IACrD,IAAID,GAAG,EAAE;MACP,OAAOH,QAAQ,CAACG,GAAG,CAAC;IACtB;IACAH,QAAQ,CAAC,IAAI,EAAEI,OAAO,CAAC;EACzB,CAAC,CAAC;AACJ,CAAC;AAEDpB,UAAU,CAACqB,GAAG,CAAC,MAAM,EAAE,UAASC,IAAI,EAAE;EAClC,IAAMC,IAAI,GAAG,IAAI;EACjB,IAAI,IAAI,CAACC,UAAU,CAAC,UAAU,CAAC,IAAI,IAAI,CAACC,KAAK,EAAE;IAC3CR,wBAAM,CAACS,OAAO,CAAC,EAAE,EAAE,UAACP,GAAG,EAAEQ,IAAI,EAAI;MAC7B,IAAIR,GAAG,EAAE;QACL,OAAOG,IAAI,CAACH,GAAG,CAAC;MACpB;MACAF,wBAAM,CAACW,IAAI,CAACL,IAAI,CAACjB,QAAQ,EAAEqB,IAAI,EAAE,IAAI,EAAE,UAACR,GAAG,EAAES,IAAI,EAAI;QACjD,IAAIT,GAAG,EAAE;UACL,OAAOG,IAAI,CAACH,GAAG,CAAC;QACpB;QACAI,IAAI,CAACjB,QAAQ,GAAGsB,IAAI;QACpBN,IAAI,EAAE;MACV,CAAC,CAAC;IACN,CAAC,CAAC;EACN,CAAC,MAAM;IACH,OAAOA,IAAI,EAAE;EACjB;AACJ,CAAC,CAAC;AAAC,eAEYvB,oBAAQ,CAAC8B,KAAK,CAAC,MAAM,EAAE7B,UAAU,CAAC;AAAA"},"_coverageSchema":"1a1c01bbd47fc00a2c39e90264f33305004495a9","hash":"491500975af6568cb4634685d0bd40b38c55cca1","contentHash":"d4a811998a77ea461206a59286c17319d822ccd24fec1b4038487f63cefc76df"},"C:\\Users\\Ben\\Desktop\\src\\asp2\\assignment2\\index.js":{"path":"C:\\Users\\Ben\\Desktop\\src\\asp2\\assignment2\\index.js","statementMap":{"0":{"start":{"line":3,"column":29},"end":{"line":3,"column":84}},"1":{"start":{"line":4,"column":0},"end":{"line":4,"column":16}},"2":{"start":{"line":5,"column":0},"end":{"line":5,"column":22}},"3":{"start":{"line":6,"column":22},"end":{"line":6,"column":72}},"4":{"start":{"line":7,"column":20},"end":{"line":7,"column":69}},"5":{"start":{"line":8,"column":14},"end":{"line":8,"column":55}},"6":{"start":{"line":9,"column":15},"end":{"line":9,"column":57}},"7":{"start":{"line":10,"column":14},"end":{"line":10,"column":61}},"8":{"start":{"line":11,"column":10},"end":{"line":11,"column":53}},"9":{"start":{"line":12,"column":14},"end":{"line":12,"column":61}},"10":{"start":{"line":13,"column":15},"end":{"line":13,"column":63}},"11":{"start":{"line":14,"column":14},"end":{"line":14,"column":61}},"12":{"start":{"line":15,"column":13},"end":{"line":15,"column":59}},"13":{"start":{"line":16,"column":0},"end":{"line":16,"column":28}},"14":{"start":{"line":17,"column":17},"end":{"line":24,"column":1}},"15":{"start":{"line":20,"column":2},"end":{"line":22,"column":3}},"16":{"start":{"line":21,"column":4},"end":{"line":21,"column":57}},"17":{"start":{"line":23,"column":2},"end":{"line":23,"column":84}},"18":{"start":{"line":25,"column":10},"end":{"line":25,"column":36}},"19":{"start":{"line":26,"column":11},"end":{"line":26,"column":27}},"20":{"start":{"line":27,"column":0},"end":{"line":27,"column":36}},"21":{"start":{"line":28,"column":0},"end":{"line":28,"column":47}},"22":{"start":{"line":29,"column":0},"end":{"line":31,"column":24}},"23":{"start":{"line":32,"column":0},"end":{"line":34,"column":20}},"24":{"start":{"line":35,"column":0},"end":{"line":37,"column":25}},"25":{"start":{"line":38,"column":0},"end":{"line":38,"column":43}},"26":{"start":{"line":39,"column":0},"end":{"line":39,"column":43}},"27":{"start":{"line":40,"column":0},"end":{"line":40,"column":41}},"28":{"start":{"line":41,"column":0},"end":{"line":41,"column":20}},"29":{"start":{"line":42,"column":13},"end":{"line":44,"column":2}},"30":{"start":{"line":43,"column":2},"end":{"line":43,"column":50}},"31":{"start":{"line":45,"column":0},"end":{"line":45,"column":24}}},"fnMap":{"0":{"name":"errHandler","decl":{"start":{"line":17,"column":26},"end":{"line":17,"column":36}},"loc":{"start":{"line":17,"column":58},"end":{"line":24,"column":1}},"line":17},"1":{"name":"(anonymous_1)","decl":{"start":{"line":42,"column":30},"end":{"line":42,"column":31}},"loc":{"start":{"line":42,"column":42},"end":{"line":44,"column":1}},"line":42}},"branchMap":{"0":{"loc":{"start":{"line":20,"column":2},"end":{"line":22,"column":3}},"type":"if","locations":[{"start":{"line":20,"column":2},"end":{"line":22,"column":3}},{"start":{"line":20,"column":2},"end":{"line":22,"column":3}}],"line":20}},"s":{"0":1,"1":1,"2":1,"3":1,"4":1,"5":1,"6":1,"7":1,"8":1,"9":1,"10":1,"11":1,"12":1,"13":1,"14":1,"15":2,"16":0,"17":2,"18":1,"19":1,"20":1,"21":1,"22":1,"23":1,"24":1,"25":1,"26":1,"27":1,"28":1,"29":1,"30":1,"31":1},"f":{"0":2,"1":1},"b":{"0":[0,2]},"inputSourceMap":{"version":3,"names":["dotenv","config","errHandler","err","req","res","next","process","env","NODE_ENV","status","send","stack","app","express","port","PORT","use","json","passport","initialize","authenticate","session","moviesRouter","tvRouter","companyRouter","searchRouter","genresRouter","usersRouter","server","listen","console","info","module","exports"],"sourceRoot":"C:\\Users\\Ben\\Desktop\\src\\asp2\\assignment2\\","sources":["index.js"],"sourcesContent":["import './db';\r\nimport './seedData';\r\nimport session from 'express-session';\r\nimport passport from './authenticate';\r\nimport dotenv from 'dotenv';\r\nimport express from 'express';\r\nimport moviesRouter from './api/movies';\r\nimport tvRouter from './api/tv';\r\nimport searchRouter from './api/search';\r\nimport companyRouter from './api/company';\r\nimport genresRouter from './api/genres';\r\nimport usersRouter from './api/users';\r\n\r\ndotenv.config();\r\n\r\nconst errHandler = (err, req, res, next) => {\r\n  /* if the error in development then send stack trace to display whole error,\r\n  if it's in production then just send error message  */\r\n  if(process.env.NODE_ENV === 'production') {\r\n    return res.status(500).send(`Something went wrong!`);\r\n  }\r\n  res.status(500).send(`Error Caught. Here's the details: ${err.stack} `);\r\n};\r\n\r\nconst app = express();\r\n\r\nconst port = process.env.PORT;\r\n\r\napp.use(express.json());\r\n\r\napp.use(passport.initialize());\r\n\r\napp.use('/api/movies', passport.authenticate('jwt', {session: false}), moviesRouter);\r\napp.use('/api/tv', passport.authenticate('jwt', {session: false}), tvRouter);\r\napp.use('/api/company', passport.authenticate('jwt', {session: false}), companyRouter);\r\napp.use('/api/search',  searchRouter);\r\napp.use('/api/genres', genresRouter);\r\napp.use('/api/users', usersRouter);\r\n\r\napp.use(errHandler);\r\n\r\nlet server = app.listen(port, () => {\r\n  console.info(`Server running at ${port}`);\r\n});\r\n\r\nmodule.exports = server"],"mappings":";;;AAAA;AACA;AACA;AACA;AACA;AACA;AACA;AACA;AACA;AACA;AACA;AACA;AAEAA,kBAAM,CAACC,MAAM,EAAE;AAEf,IAAMC,UAAU,GAAG,SAAbA,UAAU,CAAIC,GAAG,EAAEC,GAAG,EAAEC,GAAG,EAAEC,IAAI,EAAK;EAC1C;AACF;EACE,IAAGC,OAAO,CAACC,GAAG,CAACC,QAAQ,KAAK,YAAY,EAAE;IACxC,OAAOJ,GAAG,CAACK,MAAM,CAAC,GAAG,CAAC,CAACC,IAAI,yBAAyB;EACtD;EACAN,GAAG,CAACK,MAAM,CAAC,GAAG,CAAC,CAACC,IAAI,6CAAsCR,GAAG,CAACS,KAAK,OAAI;AACzE,CAAC;AAED,IAAMC,GAAG,GAAG,IAAAC,mBAAO,GAAE;AAErB,IAAMC,IAAI,GAAGR,OAAO,CAACC,GAAG,CAACQ,IAAI;AAE7BH,GAAG,CAACI,GAAG,CAACH,mBAAO,CAACI,IAAI,EAAE,CAAC;AAEvBL,GAAG,CAACI,GAAG,CAACE,wBAAQ,CAACC,UAAU,EAAE,CAAC;AAE9BP,GAAG,CAACI,GAAG,CAAC,aAAa,EAAEE,wBAAQ,CAACE,YAAY,CAAC,KAAK,EAAE;EAACC,OAAO,EAAE;AAAK,CAAC,CAAC,EAAEC,kBAAY,CAAC;AACpFV,GAAG,CAACI,GAAG,CAAC,SAAS,EAAEE,wBAAQ,CAACE,YAAY,CAAC,KAAK,EAAE;EAACC,OAAO,EAAE;AAAK,CAAC,CAAC,EAAEE,cAAQ,CAAC;AAC5EX,GAAG,CAACI,GAAG,CAAC,cAAc,EAAEE,wBAAQ,CAACE,YAAY,CAAC,KAAK,EAAE;EAACC,OAAO,EAAE;AAAK,CAAC,CAAC,EAAEG,mBAAa,CAAC;AACtFZ,GAAG,CAACI,GAAG,CAAC,aAAa,EAAGS,kBAAY,CAAC;AACrCb,GAAG,CAACI,GAAG,CAAC,aAAa,EAAEU,kBAAY,CAAC;AACpCd,GAAG,CAACI,GAAG,CAAC,YAAY,EAAEW,iBAAW,CAAC;AAElCf,GAAG,CAACI,GAAG,CAACf,UAAU,CAAC;AAEnB,IAAI2B,MAAM,GAAGhB,GAAG,CAACiB,MAAM,CAACf,IAAI,EAAE,YAAM;EAClCgB,OAAO,CAACC,IAAI,6BAAsBjB,IAAI,EAAG;AAC3C,CAAC,CAAC;AAEFkB,MAAM,CAACC,OAAO,GAAGL,MAAM"},"_coverageSchema":"1a1c01bbd47fc00a2c39e90264f33305004495a9","hash":"54230f3f45620b02f70d8660c7c06c6b8a91680e","contentHash":"3616d410f3cde557477c89fe36713e086bbca455868b96ef050f31a92a088ed1"},"C:\\Users\\Ben\\Desktop\\src\\asp2\\assignment2\\db\\index.js":{"path":"C:\\Users\\Ben\\Desktop\\src\\asp2\\assignment2\\db\\index.js","statementMap":{"0":{"start":{"line":3,"column":29},"end":{"line":3,"column":84}},"1":{"start":{"line":4,"column":14},"end":{"line":4,"column":55}},"2":{"start":{"line":5,"column":16},"end":{"line":5,"column":59}},"3":{"start":{"line":6,"column":0},"end":{"line":6,"column":28}},"4":{"start":{"line":9,"column":0},"end":{"line":9,"column":51}},"5":{"start":{"line":10,"column":9},"end":{"line":10,"column":40}},"6":{"start":{"line":11,"column":0},"end":{"line":13,"column":3}},"7":{"start":{"line":12,"column":2},"end":{"line":12,"column":57}},"8":{"start":{"line":14,"column":0},"end":{"line":16,"column":3}},"9":{"start":{"line":15,"column":2},"end":{"line":15,"column":39}},"10":{"start":{"line":17,"column":0},"end":{"line":19,"column":3}},"11":{"start":{"line":18,"column":2},"end":{"line":18,"column":80}}},"fnMap":{"0":{"name":"(anonymous_0)","decl":{"start":{"line":11,"column":15},"end":{"line":11,"column":16}},"loc":{"start":{"line":11,"column":30},"end":{"line":13,"column":1}},"line":11},"1":{"name":"(anonymous_1)","decl":{"start":{"line":14,"column":22},"end":{"line":14,"column":23}},"loc":{"start":{"line":14,"column":34},"end":{"line":16,"column":1}},"line":14},"2":{"name":"(anonymous_2)","decl":{"start":{"line":17,"column":16},"end":{"line":17,"column":17}},"loc":{"start":{"line":17,"column":28},"end":{"line":19,"column":1}},"line":17}},"branchMap":{},"s":{"0":1,"1":1,"2":1,"3":1,"4":1,"5":1,"6":1,"7":0,"8":1,"9":0,"10":1,"11":1},"f":{"0":0,"1":0,"2":1},"b":{},"inputSourceMap":{"version":3,"names":["dotenv","config","mongoose","connect","process","env","MONGO_DB","db","connection","on","err","console","log","once","name","host"],"sourceRoot":"C:\\Users\\Ben\\Desktop\\src\\asp2\\assignment2\\db\\","sources":["index.js"],"sourcesContent":["import dotenv from 'dotenv';\r\nimport mongoose from 'mongoose';\r\n\r\ndotenv.config();\r\n\r\n// Connect to database\r\nmongoose.connect(process.env.MONGO_DB);\r\nconst db = mongoose.connection;\r\n\r\ndb.on('error', (err) => {\r\n    console.log(`database connection error: ${err}`);\r\n});\r\ndb.on('disconnected', () => {\r\n    console.log('database disconnected');\r\n});\r\ndb.once('open', () => {\r\n    console.log(`database connected to ${db.name} on ${db.host}`);\r\n})"],"mappings":";;;AAAA;AACA;AAEAA,kBAAM,CAACC,MAAM,EAAE;;AAEf;AACAC,oBAAQ,CAACC,OAAO,CAACC,OAAO,CAACC,GAAG,CAACC,QAAQ,CAAC;AACtC,IAAMC,EAAE,GAAGL,oBAAQ,CAACM,UAAU;AAE9BD,EAAE,CAACE,EAAE,CAAC,OAAO,EAAE,UAACC,GAAG,EAAK;EACpBC,OAAO,CAACC,GAAG,sCAA+BF,GAAG,EAAG;AACpD,CAAC,CAAC;AACFH,EAAE,CAACE,EAAE,CAAC,cAAc,EAAE,YAAM;EACxBE,OAAO,CAACC,GAAG,CAAC,uBAAuB,CAAC;AACxC,CAAC,CAAC;AACFL,EAAE,CAACM,IAAI,CAAC,MAAM,EAAE,YAAM;EAClBF,OAAO,CAACC,GAAG,iCAA0BL,EAAE,CAACO,IAAI,iBAAOP,EAAE,CAACQ,IAAI,EAAG;AACjE,CAAC,CAAC"},"_coverageSchema":"1a1c01bbd47fc00a2c39e90264f33305004495a9","hash":"ec4a45bee9871f8e6a40c3cc9d8fbbfab2bae154","contentHash":"c93a3d258724259d3af8016de3f582ce0c5f13eca77771696e09ca3aaf12aa85"},"C:\\Users\\Ben\\Desktop\\src\\asp2\\assignment2\\seedData\\index.js":{"path":"C:\\Users\\Ben\\Desktop\\src\\asp2\\assignment2\\seedData\\index.js","statementMap":{"0":{"start":{"line":3,"column":29},"end":{"line":3,"column":84}},"1":{"start":{"line":4,"column":0},"end":{"line":6,"column":3}},"2":{"start":{"line":7,"column":0},"end":{"line":7,"column":32}},"3":{"start":{"line":8,"column":0},"end":{"line":8,"column":24}},"4":{"start":{"line":9,"column":19},"end":{"line":9,"column":80}},"5":{"start":{"line":10,"column":25},"end":{"line":10,"column":99}},"6":{"start":{"line":11,"column":17},"end":{"line":11,"column":74}},"7":{"start":{"line":12,"column":18},"end":{"line":12,"column":77}},"8":{"start":{"line":13,"column":18},"end":{"line":13,"column":77}},"9":{"start":{"line":14,"column":15},"end":{"line":14,"column":67}},"10":{"start":{"line":15,"column":14},"end":{"line":15,"column":60}},"11":{"start":{"line":16,"column":10},"end":{"line":16,"column":52}},"12":{"start":{"line":17,"column":13},"end":{"line":17,"column":55}},"13":{"start":{"line":18,"column":14},"end":{"line":18,"column":57}},"14":{"start":{"line":19,"column":14},"end":{"line":19,"column":55}},"15":{"start":{"line":20,"column":0},"end":{"line":20,"column":28}},"16":{"start":{"line":24,"column":2},"end":{"line":24,"column":44}},"17":{"start":{"line":27,"column":2},"end":{"line":51,"column":6}},"18":{"start":{"line":28,"column":4},"end":{"line":50,"column":32}},"19":{"start":{"line":29,"column":6},"end":{"line":49,"column":7}},"20":{"start":{"line":29,"column":16},"end":{"line":49,"column":7}},"21":{"start":{"line":31,"column":10},"end":{"line":31,"column":41}},"22":{"start":{"line":32,"column":10},"end":{"line":32,"column":28}},"23":{"start":{"line":33,"column":10},"end":{"line":33,"column":28}},"24":{"start":{"line":34,"column":10},"end":{"line":34,"column":53}},"25":{"start":{"line":36,"column":10},"end":{"line":36,"column":28}},"26":{"start":{"line":37,"column":10},"end":{"line":37,"column":82}},"27":{"start":{"line":39,"column":10},"end":{"line":39,"column":98}},"28":{"start":{"line":40,"column":10},"end":{"line":40,"column":29}},"29":{"start":{"line":41,"column":10},"end":{"line":41,"column":16}},"30":{"start":{"line":43,"column":10},"end":{"line":43,"column":28}},"31":{"start":{"line":44,"column":10},"end":{"line":44,"column":45}},"32":{"start":{"line":45,"column":10},"end":{"line":45,"column":75}},"33":{"start":{"line":48,"column":10},"end":{"line":48,"column":33}},"34":{"start":{"line":52,"column":2},"end":{"line":52,"column":44}},"35":{"start":{"line":55,"column":2},"end":{"line":55,"column":43}},"36":{"start":{"line":58,"column":2},"end":{"line":84,"column":6}},"37":{"start":{"line":59,"column":4},"end":{"line":83,"column":33}},"38":{"start":{"line":60,"column":6},"end":{"line":82,"column":7}},"39":{"start":{"line":60,"column":16},"end":{"line":82,"column":7}},"40":{"start":{"line":62,"column":10},"end":{"line":62,"column":40}},"41":{"start":{"line":63,"column":10},"end":{"line":63,"column":29}},"42":{"start":{"line":64,"column":10},"end":{"line":64,"column":29}},"43":{"start":{"line":65,"column":10},"end":{"line":65,"column":52}},"44":{"start":{"line":67,"column":10},"end":{"line":67,"column":29}},"45":{"start":{"line":68,"column":10},"end":{"line":70,"column":13}},"46":{"start":{"line":69,"column":12},"end":{"line":69,"column":54}},"47":{"start":{"line":72,"column":10},"end":{"line":72,"column":96}},"48":{"start":{"line":73,"column":10},"end":{"line":73,"column":30}},"49":{"start":{"line":74,"column":10},"end":{"line":74,"column":16}},"50":{"start":{"line":76,"column":10},"end":{"line":76,"column":29}},"51":{"start":{"line":77,"column":10},"end":{"line":77,"column":47}},"52":{"start":{"line":78,"column":10},"end":{"line":78,"column":75}},"53":{"start":{"line":81,"column":10},"end":{"line":81,"column":34}},"54":{"start":{"line":85,"column":2},"end":{"line":85,"column":43}},"55":{"start":{"line":88,"column":2},"end":{"line":88,"column":44}},"56":{"start":{"line":91,"column":2},"end":{"line":116,"column":6}},"57":{"start":{"line":92,"column":4},"end":{"line":115,"column":34}},"58":{"start":{"line":93,"column":6},"end":{"line":114,"column":7}},"59":{"start":{"line":93,"column":16},"end":{"line":114,"column":7}},"60":{"start":{"line":95,"column":10},"end":{"line":95,"column":41}},"61":{"start":{"line":96,"column":10},"end":{"line":96,"column":49}},"62":{"start":{"line":97,"column":10},"end":{"line":97,"column":29}},"63":{"start":{"line":98,"column":10},"end":{"line":98,"column":29}},"64":{"start":{"line":99,"column":10},"end":{"line":99,"column":53}},"65":{"start":{"line":101,"column":10},"end":{"line":101,"column":29}},"66":{"start":{"line":102,"column":10},"end":{"line":102,"column":82}},"67":{"start":{"line":104,"column":10},"end":{"line":104,"column":98}},"68":{"start":{"line":105,"column":10},"end":{"line":105,"column":30}},"69":{"start":{"line":106,"column":10},"end":{"line":106,"column":16}},"70":{"start":{"line":108,"column":10},"end":{"line":108,"column":30}},"71":{"start":{"line":109,"column":10},"end":{"line":109,"column":47}},"72":{"start":{"line":110,"column":10},"end":{"line":110,"column":76}},"73":{"start":{"line":113,"column":10},"end":{"line":113,"column":34}},"74":{"start":{"line":117,"column":2},"end":{"line":117,"column":44}},"75":{"start":{"line":120,"column":2},"end":{"line":120,"column":40}},"76":{"start":{"line":123,"column":2},"end":{"line":148,"column":6}},"77":{"start":{"line":124,"column":4},"end":{"line":147,"column":34}},"78":{"start":{"line":125,"column":6},"end":{"line":146,"column":7}},"79":{"start":{"line":125,"column":16},"end":{"line":146,"column":7}},"80":{"start":{"line":127,"column":10},"end":{"line":127,"column":38}},"81":{"start":{"line":128,"column":10},"end":{"line":128,"column":45}},"82":{"start":{"line":129,"column":10},"end":{"line":129,"column":29}},"83":{"start":{"line":130,"column":10},"end":{"line":130,"column":29}},"84":{"start":{"line":131,"column":10},"end":{"line":131,"column":50}},"85":{"start":{"line":133,"column":10},"end":{"line":133,"column":29}},"86":{"start":{"line":134,"column":10},"end":{"line":134,"column":75}},"87":{"start":{"line":136,"column":10},"end":{"line":136,"column":90}},"88":{"start":{"line":137,"column":10},"end":{"line":137,"column":30}},"89":{"start":{"line":138,"column":10},"end":{"line":138,"column":16}},"90":{"start":{"line":140,"column":10},"end":{"line":140,"column":30}},"91":{"start":{"line":141,"column":10},"end":{"line":141,"column":47}},"92":{"start":{"line":142,"column":10},"end":{"line":142,"column":73}},"93":{"start":{"line":145,"column":10},"end":{"line":145,"column":34}},"94":{"start":{"line":149,"column":2},"end":{"line":149,"column":40}},"95":{"start":{"line":151,"column":0},"end":{"line":156,"column":1}},"96":{"start":{"line":152,"column":2},"end":{"line":152,"column":14}},"97":{"start":{"line":153,"column":2},"end":{"line":153,"column":15}},"98":{"start":{"line":154,"column":2},"end":{"line":154,"column":15}},"99":{"start":{"line":155,"column":2},"end":{"line":155,"column":11}}},"fnMap":{"0":{"name":"loadGenres","decl":{"start":{"line":23,"column":9},"end":{"line":23,"column":19}},"loc":{"start":{"line":23,"column":22},"end":{"line":25,"column":1}},"line":23},"1":{"name":"_loadGenres","decl":{"start":{"line":26,"column":9},"end":{"line":26,"column":20}},"loc":{"start":{"line":26,"column":23},"end":{"line":53,"column":1}},"line":26},"2":{"name":"_callee","decl":{"start":{"line":27,"column":103},"end":{"line":27,"column":110}},"loc":{"start":{"line":27,"column":113},"end":{"line":51,"column":3}},"line":27},"3":{"name":"_callee$","decl":{"start":{"line":28,"column":49},"end":{"line":28,"column":57}},"loc":{"start":{"line":28,"column":68},"end":{"line":50,"column":5}},"line":28},"4":{"name":"loadUsers","decl":{"start":{"line":54,"column":9},"end":{"line":54,"column":18}},"loc":{"start":{"line":54,"column":21},"end":{"line":56,"column":1}},"line":54},"5":{"name":"_loadUsers","decl":{"start":{"line":57,"column":9},"end":{"line":57,"column":19}},"loc":{"start":{"line":57,"column":22},"end":{"line":86,"column":1}},"line":57},"6":{"name":"_callee2","decl":{"start":{"line":58,"column":102},"end":{"line":58,"column":110}},"loc":{"start":{"line":58,"column":113},"end":{"line":84,"column":3}},"line":58},"7":{"name":"_callee2$","decl":{"start":{"line":59,"column":49},"end":{"line":59,"column":58}},"loc":{"start":{"line":59,"column":70},"end":{"line":83,"column":5}},"line":59},"8":{"name":"(anonymous_8)","decl":{"start":{"line":68,"column":43},"end":{"line":68,"column":44}},"loc":{"start":{"line":68,"column":59},"end":{"line":70,"column":11}},"line":68},"9":{"name":"loadMovies","decl":{"start":{"line":87,"column":9},"end":{"line":87,"column":19}},"loc":{"start":{"line":87,"column":22},"end":{"line":89,"column":1}},"line":87},"10":{"name":"_loadMovies","decl":{"start":{"line":90,"column":9},"end":{"line":90,"column":20}},"loc":{"start":{"line":90,"column":23},"end":{"line":118,"column":1}},"line":90},"11":{"name":"_callee3","decl":{"start":{"line":91,"column":103},"end":{"line":91,"column":111}},"loc":{"start":{"line":91,"column":114},"end":{"line":116,"column":3}},"line":91},"12":{"name":"_callee3$","decl":{"start":{"line":92,"column":49},"end":{"line":92,"column":58}},"loc":{"start":{"line":92,"column":70},"end":{"line":115,"column":5}},"line":92},"13":{"name":"loadTv","decl":{"start":{"line":119,"column":9},"end":{"line":119,"column":15}},"loc":{"start":{"line":119,"column":18},"end":{"line":121,"column":1}},"line":119},"14":{"name":"_loadTv","decl":{"start":{"line":122,"column":9},"end":{"line":122,"column":16}},"loc":{"start":{"line":122,"column":19},"end":{"line":150,"column":1}},"line":122},"15":{"name":"_callee4","decl":{"start":{"line":123,"column":99},"end":{"line":123,"column":107}},"loc":{"start":{"line":123,"column":110},"end":{"line":148,"column":3}},"line":123},"16":{"name":"_callee4$","decl":{"start":{"line":124,"column":49},"end":{"line":124,"column":58}},"loc":{"start":{"line":124,"column":70},"end":{"line":147,"column":5}},"line":124}},"branchMap":{"0":{"loc":{"start":{"line":29,"column":16},"end":{"line":49,"column":7}},"type":"switch","locations":[{"start":{"line":30,"column":8},"end":{"line":34,"column":53}},{"start":{"line":35,"column":8},"end":{"line":37,"column":82}},{"start":{"line":38,"column":8},"end":{"line":41,"column":16}},{"start":{"line":42,"column":8},"end":{"line":45,"column":75}},{"start":{"line":46,"column":8},"end":{"line":46,"column":16}},{"start":{"line":47,"column":8},"end":{"line":48,"column":33}}],"line":29},"1":{"loc":{"start":{"line":60,"column":16},"end":{"line":82,"column":7}},"type":"switch","locations":[{"start":{"line":61,"column":8},"end":{"line":65,"column":52}},{"start":{"line":66,"column":8},"end":{"line":70,"column":13}},{"start":{"line":71,"column":8},"end":{"line":74,"column":16}},{"start":{"line":75,"column":8},"end":{"line":78,"column":75}},{"start":{"line":79,"column":8},"end":{"line":79,"column":16}},{"start":{"line":80,"column":8},"end":{"line":81,"column":34}}],"line":60},"2":{"loc":{"start":{"line":93,"column":16},"end":{"line":114,"column":7}},"type":"switch","locations":[{"start":{"line":94,"column":8},"end":{"line":99,"column":53}},{"start":{"line":100,"column":8},"end":{"line":102,"column":82}},{"start":{"line":103,"column":8},"end":{"line":106,"column":16}},{"start":{"line":107,"column":8},"end":{"line":110,"column":76}},{"start":{"line":111,"column":8},"end":{"line":111,"column":16}},{"start":{"line":112,"column":8},"end":{"line":113,"column":34}}],"line":93},"3":{"loc":{"start":{"line":125,"column":16},"end":{"line":146,"column":7}},"type":"switch","locations":[{"start":{"line":126,"column":8},"end":{"line":131,"column":50}},{"start":{"line":132,"column":8},"end":{"line":134,"column":75}},{"start":{"line":135,"column":8},"end":{"line":138,"column":16}},{"start":{"line":139,"column":8},"end":{"line":142,"column":73}},{"start":{"line":143,"column":8},"end":{"line":143,"column":16}},{"start":{"line":144,"column":8},"end":{"line":145,"column":34}}],"line":125},"4":{"loc":{"start":{"line":151,"column":0},"end":{"line":156,"column":1}},"type":"if","locations":[{"start":{"line":151,"column":0},"end":{"line":156,"column":1}},{"start":{"line":151,"column":0},"end":{"line":156,"column":1}}],"line":151}},"s":{"0":1,"1":1,"2":1,"3":1,"4":1,"5":1,"6":1,"7":1,"8":1,"9":1,"10":1,"11":1,"12":1,"13":1,"14":1,"15":1,"16":1,"17":1,"18":1,"19":3,"20":4,"21":1,"22":1,"23":1,"24":1,"25":1,"26":1,"27":1,"28":1,"29":1,"30":0,"31":0,"32":0,"33":1,"34":1,"35":1,"36":1,"37":1,"38":3,"39":4,"40":1,"41":1,"42":1,"43":1,"44":1,"45":1,"46":2,"47":1,"48":1,"49":1,"50":0,"51":0,"52":0,"53":1,"54":1,"55":1,"56":1,"57":1,"58":3,"59":4,"60":1,"61":1,"62":1,"63":1,"64":1,"65":1,"66":1,"67":1,"68":1,"69":1,"70":0,"71":0,"72":0,"73":1,"74":1,"75":1,"76":1,"77":1,"78":3,"79":4,"80":1,"81":1,"82":1,"83":1,"84":1,"85":1,"86":1,"87":1,"88":1,"89":1,"90":0,"91":0,"92":0,"93":1,"94":1,"95":1,"96":1,"97":1,"98":1,"99":1},"f":{"0":1,"1":1,"2":1,"3":3,"4":1,"5":1,"6":1,"7":3,"8":2,"9":1,"10":1,"11":1,"12":3,"13":1,"14":1,"15":1,"16":3},"b":{"0":[1,1,1,0,1,1],"1":[1,1,1,0,1,1],"2":[1,1,1,0,1,1],"3":[1,1,1,0,1,1],"4":[1,0]},"inputSourceMap":{"version":3,"names":["dotenv","config","loadGenres","console","log","genreModel","deleteMany","collection","insertMany","genres","info","length","error","loadUsers","userModel","users","forEach","user","create","loadMovies","movies","movieModel","loadTv","tv","tvModel","process","env","SEED_DB"],"sourceRoot":"C:\\Users\\Ben\\Desktop\\src\\asp2\\assignment2\\seedData\\","sources":["index.js"],"sourcesContent":["import userModel from '../api/users/userModel';\r\nimport genreModel from '../api/genres/genreModel';\r\nimport movieModel from '../api/movies/movieModel';\r\nimport tvModel from '../api/tv/tvModel';\r\nimport movies from './movies.js';\r\nimport tv from './tv.js';\r\nimport users from './users';\r\nimport genres from './genres';\r\nimport dotenv from 'dotenv';\r\n\r\ndotenv.config();\r\n\r\n\r\n// deletes all genre documents in collection and inserts test data\r\nasync function loadGenres() {\r\n    console.log('load genre Data');\r\n    try {\r\n      await genreModel.deleteMany();\r\n      await genreModel.collection.insertMany(genres);\r\n      console.info(`${genres.length} genres were successfully stored.`);\r\n    } catch (err) {\r\n      console.error(`failed to Load genre Data: ${err}`);\r\n    }\r\n  }\r\n\r\n// deletes all user documents in collection and inserts test data\r\nasync function loadUsers() {\r\n    console.log('load user Data');\r\n    try {\r\n      await userModel.deleteMany();\r\n      await users.forEach(user => userModel.create(user));\r\n      console.info(`${users.length} users were successfully stored.`);\r\n    } catch (err) {\r\n      console.error(`failed to Load user Data: ${err}`);\r\n    }\r\n  }\r\n\r\n// deletes all movies documents in collection and inserts test data\r\nexport async function loadMovies() {\r\n    console.log('load movie data');\r\n    console.log(movies.length);\r\n    try {\r\n      await movieModel.deleteMany();\r\n      await movieModel.collection.insertMany(movies);\r\n      console.info(`${movies.length} Movies were successfully stored.`);\r\n    } catch (err) {\r\n      console.error(`failed to Load movie Data: ${err}`);\r\n    }\r\n  }\r\n\r\nexport async function loadTv() {\r\n  console.log('load tv data');\r\n  console.log(tv.length);\r\n  try {\r\n    await tvModel.deleteMany();\r\n    await tvModel.collection.insertMany(tv);\r\n    console.info(`${tv.length} Tv were successfully stored.`);\r\n  } catch (err) {\r\n    console.error(`failed to Load tv Data: ${err}`);\r\n  }\r\n}\r\n\r\nif (process.env.SEED_DB == 'true') {\r\n  loadUsers();\r\n  loadGenres();\r\n  loadMovies();\r\n  loadTv();\r\n}"],"mappings":";;;;;;;;;;AAAA;AACA;AACA;AACA;AACA;AACA;AACA;AACA;AACA;AAEAA,kBAAM,CAACC,MAAM,EAAE;;AAGf;AAAA,SACeC,UAAU;EAAA;AAAA,EAWzB;AAAA;EAAA,4FAXA;IAAA;MAAA;QAAA;UACIC,OAAO,CAACC,GAAG,CAAC,iBAAiB,CAAC;UAAC;UAAA;UAAA,OAEvBC,sBAAU,CAACC,UAAU,EAAE;QAAA;UAAA;UAAA,OACvBD,sBAAU,CAACE,UAAU,CAACC,UAAU,CAACC,kBAAM,CAAC;QAAA;UAC9CN,OAAO,CAACO,IAAI,WAAID,kBAAM,CAACE,MAAM,uCAAoC;UAAC;UAAA;QAAA;UAAA;UAAA;UAElER,OAAO,CAACS,KAAK,mDAAqC;QAAC;QAAA;UAAA;MAAA;IAAA;EAAA,CAEtD;EAAA;AAAA;AAAA,SAGYC,SAAS;EAAA;AAAA,EAWxB;AAAA;EAAA,2FAXA;IAAA;MAAA;QAAA;UACIV,OAAO,CAACC,GAAG,CAAC,gBAAgB,CAAC;UAAC;UAAA;UAAA,OAEtBU,qBAAS,CAACR,UAAU,EAAE;QAAA;UAAA;UAAA,OACtBS,iBAAK,CAACC,OAAO,CAAC,UAAAC,IAAI;YAAA,OAAIH,qBAAS,CAACI,MAAM,CAACD,IAAI,CAAC;UAAA,EAAC;QAAA;UACnDd,OAAO,CAACO,IAAI,WAAIK,iBAAK,CAACJ,MAAM,sCAAmC;UAAC;UAAA;QAAA;UAAA;UAAA;UAEhER,OAAO,CAACS,KAAK,mDAAoC;QAAC;QAAA;UAAA;MAAA;IAAA;EAAA,CAErD;EAAA;AAAA;AAAA,SAGmBO,UAAU;EAAA;AAAA;AAAA;EAAA,4FAAzB;IAAA;MAAA;QAAA;UACHhB,OAAO,CAACC,GAAG,CAAC,iBAAiB,CAAC;UAC9BD,OAAO,CAACC,GAAG,CAACgB,kBAAM,CAACT,MAAM,CAAC;UAAC;UAAA;UAAA,OAEnBU,sBAAU,CAACf,UAAU,EAAE;QAAA;UAAA;UAAA,OACvBe,sBAAU,CAACd,UAAU,CAACC,UAAU,CAACY,kBAAM,CAAC;QAAA;UAC9CjB,OAAO,CAACO,IAAI,WAAIU,kBAAM,CAACT,MAAM,uCAAoC;UAAC;UAAA;QAAA;UAAA;UAAA;UAElER,OAAO,CAACS,KAAK,oDAAqC;QAAC;QAAA;UAAA;MAAA;IAAA;EAAA,CAEtD;EAAA;AAAA;AAAA,SAEmBU,MAAM;EAAA;AAAA;AAAA;EAAA,wFAArB;IAAA;MAAA;QAAA;UACLnB,OAAO,CAACC,GAAG,CAAC,cAAc,CAAC;UAC3BD,OAAO,CAACC,GAAG,CAACmB,cAAE,CAACZ,MAAM,CAAC;UAAC;UAAA;UAAA,OAEfa,mBAAO,CAAClB,UAAU,EAAE;QAAA;UAAA;UAAA,OACpBkB,mBAAO,CAACjB,UAAU,CAACC,UAAU,CAACe,cAAE,CAAC;QAAA;UACvCpB,OAAO,CAACO,IAAI,WAAIa,cAAE,CAACZ,MAAM,mCAAgC;UAAC;UAAA;QAAA;UAAA;UAAA;UAE1DR,OAAO,CAACS,KAAK,iDAAkC;QAAC;QAAA;UAAA;MAAA;IAAA;EAAA,CAEnD;EAAA;AAAA;AAED,IAAIa,OAAO,CAACC,GAAG,CAACC,OAAO,IAAI,MAAM,EAAE;EACjCd,SAAS,EAAE;EACXX,UAAU,EAAE;EACZiB,UAAU,EAAE;EACZG,MAAM,EAAE;AACV"},"_coverageSchema":"1a1c01bbd47fc00a2c39e90264f33305004495a9","hash":"c68f22f60896ac4b2dca5ce3307d5b0ba59eb1ab","contentHash":"364c7a1232460e6d864e94f2e63e58338240e8832e18c3509c126acbfafe29c5"},"C:\\Users\\Ben\\Desktop\\src\\asp2\\assignment2\\api\\genres\\genreModel.js":{"path":"C:\\Users\\Ben\\Desktop\\src\\asp2\\assignment2\\api\\genres\\genreModel.js","statementMap":{"0":{"start":{"line":3,"column":29},"end":{"line":3,"column":84}},"1":{"start":{"line":4,"column":0},"end":{"line":6,"column":3}},"2":{"start":{"line":7,"column":0},"end":{"line":7,"column":28}},"3":{"start":{"line":8,"column":16},"end":{"line":8,"column":59}},"4":{"start":{"line":9,"column":13},"end":{"line":9,"column":40}},"5":{"start":{"line":10,"column":18},"end":{"line":20,"column":2}},"6":{"start":{"line":21,"column":15},"end":{"line":21,"column":63}},"7":{"start":{"line":22,"column":0},"end":{"line":22,"column":30}}},"fnMap":{},"branchMap":{},"s":{"0":1,"1":1,"2":1,"3":1,"4":1,"5":1,"6":1,"7":1},"f":{},"b":{},"inputSourceMap":{"version":3,"names":["Schema","mongoose","GenreSchema","id","type","Number","unique","required","name","String","model"],"sourceRoot":"C:\\Users\\Ben\\Desktop\\src\\asp2\\assignment2\\api\\genres\\","sources":["genreModel.js"],"sourcesContent":["import mongoose from 'mongoose';\r\n\r\nconst Schema = mongoose.Schema;\r\n\r\nconst GenreSchema = new Schema({\r\nid: { type: Number,  unique: true, required: true},\r\nname: {type: String, required: true }\r\n});\r\n\r\nexport default mongoose.model('Genre', GenreSchema);"],"mappings":";;;;;;;AAAA;AAEA,IAAMA,MAAM,GAAGC,oBAAQ,CAACD,MAAM;AAE9B,IAAME,WAAW,GAAG,IAAIF,MAAM,CAAC;EAC/BG,EAAE,EAAE;IAAEC,IAAI,EAAEC,MAAM;IAAGC,MAAM,EAAE,IAAI;IAAEC,QAAQ,EAAE;EAAI,CAAC;EAClDC,IAAI,EAAE;IAACJ,IAAI,EAAEK,MAAM;IAAEF,QAAQ,EAAE;EAAK;AACpC,CAAC,CAAC;AAAC,eAEYN,oBAAQ,CAACS,KAAK,CAAC,OAAO,EAAER,WAAW,CAAC;AAAA"},"_coverageSchema":"1a1c01bbd47fc00a2c39e90264f33305004495a9","hash":"c8b3a0bc8e10586ec5c2235787296e0d388637c6","contentHash":"e432dff4638b1deab122562d34f5d1b449fc4fce4c2f2d104cdc284bf90ee67e"},"C:\\Users\\Ben\\Desktop\\src\\asp2\\assignment2\\api\\movies\\movieModel.js":{"path":"C:\\Users\\Ben\\Desktop\\src\\asp2\\assignment2\\api\\movies\\movieModel.js","statementMap":{"0":{"start":{"line":3,"column":29},"end":{"line":3,"column":84}},"1":{"start":{"line":4,"column":0},"end":{"line":6,"column":3}},"2":{"start":{"line":7,"column":0},"end":{"line":7,"column":28}},"3":{"start":{"line":8,"column":16},"end":{"line":8,"column":59}},"4":{"start":{"line":9,"column":13},"end":{"line":9,"column":40}},"5":{"start":{"line":10,"column":18},"end":{"line":80,"column":2}},"6":{"start":{"line":81,"column":0},"end":{"line":85,"column":2}},"7":{"start":{"line":82,"column":2},"end":{"line":84,"column":5}},"8":{"start":{"line":86,"column":15},"end":{"line":86,"column":64}},"9":{"start":{"line":87,"column":0},"end":{"line":87,"column":30}}},"fnMap":{"0":{"name":"(anonymous_0)","decl":{"start":{"line":81,"column":38},"end":{"line":81,"column":39}},"loc":{"start":{"line":81,"column":52},"end":{"line":85,"column":1}},"line":81}},"branchMap":{},"s":{"0":1,"1":1,"2":1,"3":1,"4":1,"5":1,"6":1,"7":1,"8":1,"9":1},"f":{"0":1},"b":{},"inputSourceMap":{"version":3,"names":["Schema","mongoose","MovieSchema","adult","type","Boolean","id","Number","required","unique","poster_path","String","overview","release_date","original_title","genre_ids","original_language","title","backdrop_path","popularity","vote_count","video","vote_average","production_countries","iso_3166_1","name","runtime","spoken_languages","iso_639_1","status","tagline","statics","findByMovieDBId","findOne","model"],"sourceRoot":"C:\\Users\\Ben\\Desktop\\src\\asp2\\assignment2\\api\\movies\\","sources":["movieModel.js"],"sourcesContent":["import mongoose from 'mongoose';\r\n\r\nconst Schema = mongoose.Schema;\r\n\r\n\r\nconst MovieSchema = new Schema({\r\n  adult: { type: Boolean },\r\n  id: { type: Number, required: true, unique: true },\r\n  poster_path: { type: String },\r\n  overview: { type: String },\r\n  release_date: { type: String },\r\n  original_title: { type: String },\r\n  genre_ids: [{ type: Number }],\r\n  original_language: { type: String },\r\n  title: { type: String },\r\n  backdrop_path: { type: String },\r\n  popularity: { type: Number },\r\n  vote_count: { type: Number },\r\n  video: { type: Boolean },\r\n  vote_average: { type: Number },\r\n  production_countries: [{\r\n    iso_3166_1: { type: String },\r\n    name: { type: String }\r\n  }],\r\n  runtime: { type: Number },\r\n  spoken_languages: [{\r\n    iso_639_1: { type: String },\r\n    name: { type: String }\r\n  }],\r\n  status: { type: String },\r\n  tagline: { type: String }\r\n});\r\n\r\nMovieSchema.statics.findByMovieDBId = function (id) {\r\n  return this.findOne({ id: id });\r\n};\r\n\r\nexport default mongoose.model('Movies', MovieSchema);\r\n\r\n\r\n"],"mappings":";;;;;;;AAAA;AAEA,IAAMA,MAAM,GAAGC,oBAAQ,CAACD,MAAM;AAG9B,IAAME,WAAW,GAAG,IAAIF,MAAM,CAAC;EAC7BG,KAAK,EAAE;IAAEC,IAAI,EAAEC;EAAQ,CAAC;EACxBC,EAAE,EAAE;IAAEF,IAAI,EAAEG,MAAM;IAAEC,QAAQ,EAAE,IAAI;IAAEC,MAAM,EAAE;EAAK,CAAC;EAClDC,WAAW,EAAE;IAAEN,IAAI,EAAEO;EAAO,CAAC;EAC7BC,QAAQ,EAAE;IAAER,IAAI,EAAEO;EAAO,CAAC;EAC1BE,YAAY,EAAE;IAAET,IAAI,EAAEO;EAAO,CAAC;EAC9BG,cAAc,EAAE;IAAEV,IAAI,EAAEO;EAAO,CAAC;EAChCI,SAAS,EAAE,CAAC;IAAEX,IAAI,EAAEG;EAAO,CAAC,CAAC;EAC7BS,iBAAiB,EAAE;IAAEZ,IAAI,EAAEO;EAAO,CAAC;EACnCM,KAAK,EAAE;IAAEb,IAAI,EAAEO;EAAO,CAAC;EACvBO,aAAa,EAAE;IAAEd,IAAI,EAAEO;EAAO,CAAC;EAC/BQ,UAAU,EAAE;IAAEf,IAAI,EAAEG;EAAO,CAAC;EAC5Ba,UAAU,EAAE;IAAEhB,IAAI,EAAEG;EAAO,CAAC;EAC5Bc,KAAK,EAAE;IAAEjB,IAAI,EAAEC;EAAQ,CAAC;EACxBiB,YAAY,EAAE;IAAElB,IAAI,EAAEG;EAAO,CAAC;EAC9BgB,oBAAoB,EAAE,CAAC;IACrBC,UAAU,EAAE;MAAEpB,IAAI,EAAEO;IAAO,CAAC;IAC5Bc,IAAI,EAAE;MAAErB,IAAI,EAAEO;IAAO;EACvB,CAAC,CAAC;EACFe,OAAO,EAAE;IAAEtB,IAAI,EAAEG;EAAO,CAAC;EACzBoB,gBAAgB,EAAE,CAAC;IACjBC,SAAS,EAAE;MAAExB,IAAI,EAAEO;IAAO,CAAC;IAC3Bc,IAAI,EAAE;MAAErB,IAAI,EAAEO;IAAO;EACvB,CAAC,CAAC;EACFkB,MAAM,EAAE;IAAEzB,IAAI,EAAEO;EAAO,CAAC;EACxBmB,OAAO,EAAE;IAAE1B,IAAI,EAAEO;EAAO;AAC1B,CAAC,CAAC;AAEFT,WAAW,CAAC6B,OAAO,CAACC,eAAe,GAAG,UAAU1B,EAAE,EAAE;EAClD,OAAO,IAAI,CAAC2B,OAAO,CAAC;IAAE3B,EAAE,EAAEA;EAAG,CAAC,CAAC;AACjC,CAAC;AAAC,eAEaL,oBAAQ,CAACiC,KAAK,CAAC,QAAQ,EAAEhC,WAAW,CAAC;AAAA"},"_coverageSchema":"1a1c01bbd47fc00a2c39e90264f33305004495a9","hash":"849eac11dcff6687395729d024cce18656595a32","contentHash":"e61e135aa1faac21adeab3d20e6ce8089b0da163f56c8f2bc32a8550e568a2b6"},"C:\\Users\\Ben\\Desktop\\src\\asp2\\assignment2\\api\\tv\\tvModel.js":{"path":"C:\\Users\\Ben\\Desktop\\src\\asp2\\assignment2\\api\\tv\\tvModel.js","statementMap":{"0":{"start":{"line":3,"column":29},"end":{"line":3,"column":84}},"1":{"start":{"line":4,"column":0},"end":{"line":6,"column":3}},"2":{"start":{"line":7,"column":0},"end":{"line":7,"column":28}},"3":{"start":{"line":8,"column":16},"end":{"line":8,"column":59}},"4":{"start":{"line":9,"column":13},"end":{"line":9,"column":40}},"5":{"start":{"line":10,"column":15},"end":{"line":55,"column":2}},"6":{"start":{"line":56,"column":0},"end":{"line":60,"column":2}},"7":{"start":{"line":57,"column":2},"end":{"line":59,"column":5}},"8":{"start":{"line":61,"column":15},"end":{"line":61,"column":57}},"9":{"start":{"line":62,"column":0},"end":{"line":62,"column":30}}},"fnMap":{"0":{"name":"(anonymous_0)","decl":{"start":{"line":56,"column":32},"end":{"line":56,"column":33}},"loc":{"start":{"line":56,"column":46},"end":{"line":60,"column":1}},"line":56}},"branchMap":{},"s":{"0":1,"1":1,"2":1,"3":1,"4":1,"5":1,"6":1,"7":0,"8":1,"9":1},"f":{"0":0},"b":{},"inputSourceMap":{"version":3,"names":["Schema","mongoose","TvSchema","backdrop_path","type","String","favorite","Boolean","genre_ids","Number","id","required","unique","mustWatch","name","origin_country","original_language","original_name","overview","popularity","poster_path","vote_average","vote_count","statics","findByTvDBId","findOne","model"],"sourceRoot":"C:\\Users\\Ben\\Desktop\\src\\asp2\\assignment2\\api\\tv\\","sources":["tvModel.js"],"sourcesContent":["import mongoose from 'mongoose';\r\n\r\nconst Schema = mongoose.Schema;\r\n\r\n\r\nconst TvSchema = new Schema({\r\n  backdrop_path: { type: String },\r\n  favorite: { type: Boolean },\r\n  genre_ids: [{ type: Number }],\r\n  id: { type: Number, required: true, unique: true },\r\n  mustWatch: { type: Boolean },\r\n  name: { type: String },\r\n  origin_country: [{ type: String }],\r\n  original_language: { type: String },\r\n  original_name: { type: String },\r\n  overview: { type: String },\r\n  popularity: { type: Number },\r\n  poster_path: { type: String },\r\n  vote_average: { type: Number },\r\n  vote_count: { type: Number },\r\n\r\n});\r\n\r\nTvSchema.statics.findByTvDBId = function (id) {\r\n  return this.findOne({ id: id });\r\n};\r\n\r\nexport default mongoose.model('Tv', TvSchema);"],"mappings":";;;;;;;AAAA;AAEA,IAAMA,MAAM,GAAGC,oBAAQ,CAACD,MAAM;AAG9B,IAAME,QAAQ,GAAG,IAAIF,MAAM,CAAC;EAC1BG,aAAa,EAAE;IAAEC,IAAI,EAAEC;EAAO,CAAC;EAC/BC,QAAQ,EAAE;IAAEF,IAAI,EAAEG;EAAQ,CAAC;EAC3BC,SAAS,EAAE,CAAC;IAAEJ,IAAI,EAAEK;EAAO,CAAC,CAAC;EAC7BC,EAAE,EAAE;IAAEN,IAAI,EAAEK,MAAM;IAAEE,QAAQ,EAAE,IAAI;IAAEC,MAAM,EAAE;EAAK,CAAC;EAClDC,SAAS,EAAE;IAAET,IAAI,EAAEG;EAAQ,CAAC;EAC5BO,IAAI,EAAE;IAAEV,IAAI,EAAEC;EAAO,CAAC;EACtBU,cAAc,EAAE,CAAC;IAAEX,IAAI,EAAEC;EAAO,CAAC,CAAC;EAClCW,iBAAiB,EAAE;IAAEZ,IAAI,EAAEC;EAAO,CAAC;EACnCY,aAAa,EAAE;IAAEb,IAAI,EAAEC;EAAO,CAAC;EAC/Ba,QAAQ,EAAE;IAAEd,IAAI,EAAEC;EAAO,CAAC;EAC1Bc,UAAU,EAAE;IAAEf,IAAI,EAAEK;EAAO,CAAC;EAC5BW,WAAW,EAAE;IAAEhB,IAAI,EAAEC;EAAO,CAAC;EAC7BgB,YAAY,EAAE;IAAEjB,IAAI,EAAEK;EAAO,CAAC;EAC9Ba,UAAU,EAAE;IAAElB,IAAI,EAAEK;EAAO;AAE7B,CAAC,CAAC;AAEFP,QAAQ,CAACqB,OAAO,CAACC,YAAY,GAAG,UAAUd,EAAE,EAAE;EAC5C,OAAO,IAAI,CAACe,OAAO,CAAC;IAAEf,EAAE,EAAEA;EAAG,CAAC,CAAC;AACjC,CAAC;AAAC,eAEaT,oBAAQ,CAACyB,KAAK,CAAC,IAAI,EAAExB,QAAQ,CAAC;AAAA"},"_coverageSchema":"1a1c01bbd47fc00a2c39e90264f33305004495a9","hash":"6675710a01a02a8be82958670cbe0a9c35d37e72","contentHash":"efd2ea313eb25f2fb027443454ec582ae6e2441169e859162072c9b328f5ba90"},"C:\\Users\\Ben\\Desktop\\src\\asp2\\assignment2\\seedData\\movies.js":{"path":"C:\\Users\\Ben\\Desktop\\src\\asp2\\assignment2\\seedData\\movies.js","statementMap":{"0":{"start":{"line":3,"column":0},"end":{"line":5,"column":3}},"1":{"start":{"line":6,"column":0},"end":{"line":6,"column":28}},"2":{"start":{"line":7,"column":13},"end":{"line":307,"column":2}},"3":{"start":{"line":308,"column":15},"end":{"line":308,"column":21}},"4":{"start":{"line":309,"column":0},"end":{"line":309,"column":30}}},"fnMap":{},"branchMap":{},"s":{"0":1,"1":1,"2":1,"3":1,"4":1},"f":{},"b":{},"inputSourceMap":{"version":3,"names":["movies"],"sourceRoot":"C:\\Users\\Ben\\Desktop\\src\\asp2\\assignment2\\seedData\\","sources":["movies.js"],"sourcesContent":["const movies = [\r\n    {\r\n        \"adult\": false,\r\n        \"backdrop_path\": \"/jeAQdDX9nguP6YOX6QSWKDPkbBo.jpg\",\r\n        \"genre_ids\": [\r\n            28,\r\n            14,\r\n            878\r\n        ],\r\n        \"id\": 590706,\r\n        \"original_language\": \"en\",\r\n        \"original_title\": \"Jiu Jitsu\",\r\n        \"overview\": \"Every six years, an ancient order of jiu-jitsu fighters joins forces to battle a vicious race of alien invaders. But when a celebrated war hero goes down in defeat, the fate of the planet and mankind hangs in the balance.\",\r\n        \"popularity\": 2633.943,\r\n        \"poster_path\": \"/eLT8Cu357VOwBVTitkmlDEg32Fs.jpg\",\r\n        \"release_date\": \"2020-11-20\",\r\n        \"title\": \"Jiu Jitsu\",\r\n        \"video\": false,\r\n        \"vote_average\": 5.9,\r\n        \"vote_count\": 111\r\n    },\r\n    {\r\n        \"adult\": false,\r\n        \"backdrop_path\": \"/vam9VHLZl8tqNwkp1zjEAxIOrkk.jpg\",\r\n        \"genre_ids\": [\r\n            10751,\r\n            14,\r\n            10770\r\n        ],\r\n        \"id\": 671583,\r\n        \"original_language\": \"en\",\r\n        \"original_title\": \"Upside-Down Magic\",\r\n        \"overview\": \"Nory and her best friend Reina enter the Sage Academy for Magical Studies, where Nory’s unconventional powers land her in a class for those with wonky, or “upside-down,” magic. Undaunted, Nory sets out to prove that that upside-down magic can be just as powerful as right-side-up.\",\r\n        \"popularity\": 2362.99,\r\n        \"poster_path\": \"/xfYMQNApIIh8KhpNVtG1XRz0ZAp.jpg\",\r\n        \"release_date\": \"2020-07-31\",\r\n        \"title\": \"Upside-Down Magic\",\r\n        \"video\": false,\r\n        \"vote_average\": 7.6,\r\n        \"vote_count\": 64\r\n    },\r\n    {\r\n        \"adult\": false,\r\n        \"backdrop_path\": \"/wzJRB4MKi3yK138bJyuL9nx47y6.jpg\",\r\n        \"genre_ids\": [\r\n            28,\r\n            53,\r\n            878\r\n        ],\r\n        \"id\": 577922,\r\n        \"original_language\": \"en\",\r\n        \"original_title\": \"Tenet\",\r\n        \"overview\": \"Armed with only one word - Tenet - and fighting for the survival of the entire world, the Protagonist journeys through a twilight world of international espionage on a mission that will unfold in something beyond real time.\",\r\n        \"popularity\": 1973.492,\r\n        \"poster_path\": \"/k68nPLbIST6NP96JmTxmZijEvCA.jpg\",\r\n        \"release_date\": \"2020-08-22\",\r\n        \"title\": \"Tenet\",\r\n        \"video\": false,\r\n        \"vote_average\": 7.4,\r\n        \"vote_count\": 2638\r\n    },\r\n    {\r\n        \"adult\": false,\r\n        \"backdrop_path\": \"/ckfwfLkl0CkafTasoRw5FILhZAS.jpg\",\r\n        \"genre_ids\": [\r\n            28,\r\n            35,\r\n            14\r\n        ],\r\n        \"id\": 602211,\r\n        \"original_language\": \"en\",\r\n        \"original_title\": \"Fatman\",\r\n        \"overview\": \"A rowdy, unorthodox Santa Claus is fighting to save his declining business. Meanwhile, Billy, a neglected and precocious 12 year old, hires a hit man to kill Santa after receiving a lump of coal in his stocking.\",\r\n        \"popularity\": 1848.361,\r\n        \"poster_path\": \"/4n8QNNdk4BOX9Dslfbz5Dy6j1HK.jpg\",\r\n        \"release_date\": \"2020-11-13\",\r\n        \"title\": \"Fatman\",\r\n        \"video\": false,\r\n        \"vote_average\": 6.1,\r\n        \"vote_count\": 118\r\n    },\r\n    {\r\n        \"adult\": false,\r\n        \"backdrop_path\": \"/zKv7KF0pH9ASv2uGgTvTylMlxQn.jpg\",\r\n        \"genre_ids\": [\r\n            37\r\n        ],\r\n        \"id\": 729648,\r\n        \"original_language\": \"en\",\r\n        \"original_title\": \"The Dalton Gang\",\r\n        \"overview\": \"When their brother Frank is killed by an outlaw, brothers Bob Dalton, Emmett Dalton and Gray Dalton join their local sheriff's department. When they are cheated by the law, they turn to crime, robbing trains and anything else they can steal from over the course of two years in the early 1890's. Trying to out do Jesse James, they attempt to rob two banks at once in October of 1892, and things get ugly\",\r\n        \"popularity\": 1441.44,\r\n        \"poster_path\": \"/6OeGqp18oZucUGziMIRNhLouZ75.jpg\",\r\n        \"release_date\": \"2020-11-02\",\r\n        \"title\": \"The Dalton Gang\",\r\n        \"video\": false,\r\n        \"vote_average\": 4.3,\r\n        \"vote_count\": 13\r\n    },\r\n    {\r\n        \"adult\": false,\r\n        \"backdrop_path\": \"/n6bUvigpRFqSwmPp1m2YADdbRBc.jpg\",\r\n        \"genre_ids\": [\r\n            80,\r\n            53,\r\n            18\r\n        ],\r\n        \"id\": 475557,\r\n        \"original_language\": \"en\",\r\n        \"original_title\": \"Joker\",\r\n        \"overview\": \"During the 1980s, a failed stand-up comedian is driven insane and turns to a life of crime and chaos in Gotham City while becoming an infamous psychopathic crime figure.\",\r\n        \"popularity\": 1340.942,\r\n        \"poster_path\": \"/udDclJoHjfjb8Ekgsd4FDteOkCU.jpg\",\r\n        \"release_date\": \"2019-10-02\",\r\n        \"title\": \"Joker\",\r\n        \"video\": false,\r\n        \"vote_average\": 8.2,\r\n        \"vote_count\": 15818\r\n    },\r\n    {\r\n        \"adult\": false,\r\n        \"backdrop_path\": \"/mZgbq4Zpxz7ozWXl4asj6vNdlIi.jpg\",\r\n        \"genre_ids\": [\r\n            35,\r\n            10751,\r\n            14\r\n        ],\r\n        \"id\": 454433,\r\n        \"original_language\": \"en\",\r\n        \"original_title\": \"Magic Camp\",\r\n        \"overview\": \"Andy, at the urging of his former mentor and Magic Camp owner Roy Preston, returns to the camp of his youth hoping to reignite his career. Instead, he finds inspiration in his ragtag bunch of rookie magicians.\",\r\n        \"popularity\": 1307.25,\r\n        \"poster_path\": \"/awcPLFFYjufRXd2oAAP6ZIXF9vM.jpg\",\r\n        \"release_date\": \"2020-08-14\",\r\n        \"title\": \"Magic Camp\",\r\n        \"video\": false,\r\n        \"vote_average\": 7.1,\r\n        \"vote_count\": 102\r\n    },\r\n    {\r\n        \"adult\": false,\r\n        \"backdrop_path\": \"/2Fk3AB8E9dYIBc2ywJkxk8BTyhc.jpg\",\r\n        \"genre_ids\": [\r\n            28,\r\n            53\r\n        ],\r\n        \"id\": 524047,\r\n        \"original_language\": \"en\",\r\n        \"original_title\": \"Greenland\",\r\n        \"overview\": \"John Garrity, his estranged wife and their young son embark on a perilous journey to find sanctuary as a planet-killing comet hurtles toward Earth. Amid terrifying accounts of cities getting levelled, the Garrity's experience the best and worst in humanity. As the countdown to the global apocalypse approaches zero, their incredible trek culminates in a desperate and last-minute flight to a possible safe haven.\",\r\n        \"popularity\": 1143.073,\r\n        \"poster_path\": \"/bNo2mcvSwIvnx8K6y1euAc1TLVq.jpg\",\r\n        \"release_date\": \"2020-07-29\",\r\n        \"title\": \"Greenland\",\r\n        \"video\": false,\r\n        \"vote_average\": 7.2,\r\n        \"vote_count\": 853\r\n    },\r\n    {\r\n        \"adult\": false,\r\n        \"backdrop_path\": \"/qAKvUu2FSaDlnqznY4VOp5PmjIF.jpg\",\r\n        \"genre_ids\": [\r\n            28,\r\n            12,\r\n            18,\r\n            14\r\n        ],\r\n        \"id\": 337401,\r\n        \"original_language\": \"en\",\r\n        \"original_title\": \"Mulan\",\r\n        \"overview\": \"When the Emperor of China issues a decree that one man per family must serve in the Imperial Chinese Army to defend the country from Huns, Hua Mulan, the eldest daughter of an honored warrior, steps in to take the place of her ailing father. She is spirited, determined and quick on her feet. Disguised as a man by the name of Hua Jun, she is tested every step of the way and must harness her innermost strength and embrace her true potential.\",\r\n        \"popularity\": 1104.142,\r\n        \"poster_path\": \"/aKx1ARwG55zZ0GpRvU2WrGrCG9o.jpg\",\r\n        \"release_date\": \"2020-09-04\",\r\n        \"title\": \"Mulan\",\r\n        \"video\": false,\r\n        \"vote_average\": 7.2,\r\n        \"vote_count\": 3241\r\n    },\r\n    {\r\n        \"adult\": false,\r\n        \"backdrop_path\": \"/86L8wqGMDbwURPni2t7FQ0nDjsH.jpg\",\r\n        \"genre_ids\": [\r\n            28,\r\n            53\r\n        ],\r\n        \"id\": 724989,\r\n        \"original_language\": \"en\",\r\n        \"original_title\": \"Hard Kill\",\r\n        \"overview\": \"The work of billionaire tech CEO Donovan Chalmers is so valuable that he hires mercenaries to protect it, and a terrorist group kidnaps his daughter just to get it.\",\r\n        \"popularity\": 1067.409,\r\n        \"poster_path\": \"/ugZW8ocsrfgI95pnQ7wrmKDxIe.jpg\",\r\n        \"release_date\": \"2020-10-23\",\r\n        \"title\": \"Hard Kill\",\r\n        \"video\": false,\r\n        \"vote_average\": 5,\r\n        \"vote_count\": 224\r\n    },\r\n    {\r\n        \"adult\": false,\r\n        \"backdrop_path\": \"/5846jHODKbja38USbFcXgOnsfqb.jpg\",\r\n        \"genre_ids\": [\r\n            10751,\r\n            14,\r\n            12\r\n        ],\r\n        \"id\": 654028,\r\n        \"original_language\": \"en\",\r\n        \"original_title\": \"The Christmas Chronicles: Part Two\",\r\n        \"overview\": \"Kate Pierce is reluctantly spending Christmas with her mom’s new boyfriend and his son Jack. But when the North Pole and Christmas are threatened to be destroyed, Kate and Jack are unexpectedly pulled into a new adventure with Santa Claus.\",\r\n        \"popularity\": 1004.099,\r\n        \"poster_path\": \"/6sG0kbEvAi3RRLcGGU5h8l3qAPa.jpg\",\r\n        \"release_date\": \"2020-11-18\",\r\n        \"title\": \"The Christmas Chronicles: Part Two\",\r\n        \"video\": false,\r\n        \"vote_average\": 7.2,\r\n        \"vote_count\": 201\r\n    },\r\n    {\r\n        \"adult\": false,\r\n        \"backdrop_path\": \"/fTDzKoQIh1HeyjfpG5AHMi2jxAJ.jpg\",\r\n        \"genre_ids\": [\r\n            28,\r\n            35\r\n        ],\r\n        \"id\": 682377,\r\n        \"original_language\": \"en\",\r\n        \"original_title\": \"Chick Fight\",\r\n        \"overview\": \"When Anna Wyncomb is introduced to an an underground, all-female fight club in order to turn the mess of her life around, she discovers she is much more personally connected to the history of the club than she could ever imagine.\",\r\n        \"popularity\": 984.768,\r\n        \"poster_path\": \"/4ZocdxnOO6q2UbdKye2wgofLFhB.jpg\",\r\n        \"release_date\": \"2020-11-13\",\r\n        \"title\": \"Chick Fight\",\r\n        \"video\": false,\r\n        \"vote_average\": 5.8,\r\n        \"vote_count\": 48\r\n    },\r\n    {\r\n        \"adult\": false,\r\n        \"backdrop_path\": \"/gEjNlhZhyHeto6Fy5wWy5Uk3A9D.jpg\",\r\n        \"genre_ids\": [\r\n            28,\r\n            27,\r\n            53\r\n        ],\r\n        \"id\": 581392,\r\n        \"original_language\": \"ko\",\r\n        \"original_title\": \"반도\",\r\n        \"overview\": \"A soldier and his team battle hordes of post-apocalyptic zombies in the wastelands of the Korean Peninsula.\",\r\n        \"popularity\": 973.861,\r\n        \"poster_path\": \"/sy6DvAu72kjoseZEjocnm2ZZ09i.jpg\",\r\n        \"release_date\": \"2020-07-15\",\r\n        \"title\": \"Peninsula\",\r\n        \"video\": false,\r\n        \"vote_average\": 6.9,\r\n        \"vote_count\": 867\r\n    },\r\n    {\r\n        \"adult\": false,\r\n        \"backdrop_path\": \"/8rIoyM6zYXJNjzGseT3MRusMPWl.jpg\",\r\n        \"genre_ids\": [\r\n            14,\r\n            10751,\r\n            12,\r\n            35,\r\n            27\r\n        ],\r\n        \"id\": 531219,\r\n        \"original_language\": \"en\",\r\n        \"original_title\": \"Roald Dahl's The Witches\",\r\n        \"overview\": \"In late 1967, a young orphaned boy goes to live with his loving grandma in the rural Alabama town of Demopolis. As the boy and his grandmother encounter some deceptively glamorous but thoroughly diabolical witches, she wisely whisks him away to a seaside resort. Regrettably, they arrive at precisely the same time that the world's Grand High Witch has gathered.\",\r\n        \"popularity\": 870.023,\r\n        \"poster_path\": \"/betExZlgK0l7CZ9CsCBVcwO1OjL.jpg\",\r\n        \"release_date\": \"2020-10-26\",\r\n        \"title\": \"Roald Dahl's The Witches\",\r\n        \"video\": false,\r\n        \"vote_average\": 6.9,\r\n        \"vote_count\": 869\r\n    },\r\n    {\r\n        \"adult\": false,\r\n        \"backdrop_path\": \"/gnf4Cb2rms69QbCnGFJyqwBWsxv.jpg\",\r\n        \"genre_ids\": [\r\n            53,\r\n            28,\r\n            18,\r\n            80\r\n        ],\r\n        \"id\": 671039,\r\n        \"original_language\": \"fr\",\r\n        \"original_title\": \"Bronx\",\r\n        \"overview\": \"Caught in the crosshairs of police corruption and Marseille’s warring gangs, a loyal cop must protect his squad by taking matters into his own hands.\",\r\n        \"popularity\": 794.676,\r\n        \"poster_path\": \"/9HT9982bzgN5on1sLRmc1GMn6ZC.jpg\",\r\n        \"release_date\": \"2020-10-30\",\r\n        \"title\": \"Rogue City\",\r\n        \"video\": false,\r\n        \"vote_average\": 5.9,\r\n        \"vote_count\": 272\r\n    },\r\n    {\r\n        \"adult\": false,\r\n        \"backdrop_path\": \"/iQxJuPqCGOO4Iy3uFbMWCIGHkwE.jpg\",\r\n        \"genre_ids\": [\r\n            10752,\r\n            28\r\n        ],\r\n        \"id\": 635780,\r\n        \"original_language\": \"en\",\r\n        \"original_title\": \"Rogue Warfare: Death of a Nation\",\r\n        \"overview\": \"After rescuing Daniel from the terrorist Black Mask Organization, the team uncovers plans for a deadly bomb set to detonate in 36 hours that threatens world order. With no time to recover, Daniel must throw his life back on the line as he and his elite team of soldiers race against time to find the bomb and defeat their enemy once and for all. Outnumbered and overmatched, each soldier must find their inner strength and skill to overcome insurmountable odds.\",\r\n        \"popularity\": 790.044,\r\n        \"poster_path\": \"/8GVpIEBqlRBvx28G0LfEX0U8D2k.jpg\",\r\n        \"release_date\": \"2020-09-25\",\r\n        \"title\": \"Rogue Warfare: Death of a Nation\",\r\n        \"video\": false,\r\n        \"vote_average\": 4.8,\r\n        \"vote_count\": 10\r\n    },\r\n    {\r\n        \"adult\": false,\r\n        \"backdrop_path\": \"/d1sVANghKKMZNvqjW0V6y1ejvV9.jpg\",\r\n        \"genre_ids\": [\r\n            16,\r\n            28,\r\n            12,\r\n            14,\r\n            18\r\n        ],\r\n        \"id\": 635302,\r\n        \"original_language\": \"ja\",\r\n        \"original_title\": \"劇場版「鬼滅の刃」無限列車編\",\r\n        \"overview\": \"Tanjirō Kamado, joined with Inosuke Hashibira, a boy raised by boars who wears a boar's head, and Zenitsu Agatsuma, a scared boy who reveals his true power when he sleeps, boards the Infinity Train on a new mission with the Fire Hashira, Kyōjurō Rengoku, to defeat a demon who has been tormenting the people and killing the demon slayers who oppose it!\",\r\n        \"popularity\": 738.31,\r\n        \"poster_path\": \"/h8Rb9gBr48ODIwYUttZNYeMWeUU.jpg\",\r\n        \"release_date\": \"2020-10-16\",\r\n        \"title\": \"Demon Slayer the Movie: Mugen Train\",\r\n        \"video\": false,\r\n        \"vote_average\": 6,\r\n        \"vote_count\": 87\r\n    },\r\n    {\r\n        \"adult\": false,\r\n        \"backdrop_path\": \"/wu1uilmhM4TdluKi2ytfz8gidHf.jpg\",\r\n        \"genre_ids\": [\r\n            16,\r\n            14,\r\n            12,\r\n            35,\r\n            10751\r\n        ],\r\n        \"id\": 400160,\r\n        \"original_language\": \"en\",\r\n        \"original_title\": \"The SpongeBob Movie: Sponge on the Run\",\r\n        \"overview\": \"When his best friend Gary is suddenly snatched away, SpongeBob takes Patrick on a madcap mission far beyond Bikini Bottom to save their pink-shelled pal.\",\r\n        \"popularity\": 716.962,\r\n        \"poster_path\": \"/jlJ8nDhMhCYJuzOw3f52CP1W8MW.jpg\",\r\n        \"release_date\": \"2020-08-14\",\r\n        \"title\": \"The SpongeBob Movie: Sponge on the Run\",\r\n        \"video\": false,\r\n        \"vote_average\": 8,\r\n        \"vote_count\": 1669\r\n    },\r\n    {\r\n        \"adult\": false,\r\n        \"backdrop_path\": \"/54yOImQgj8i85u9hxxnaIQBRUuo.jpg\",\r\n        \"genre_ids\": [\r\n            28,\r\n            80,\r\n            18,\r\n            53\r\n        ],\r\n        \"id\": 539885,\r\n        \"original_language\": \"en\",\r\n        \"original_title\": \"Ava\",\r\n        \"overview\": \"A black ops assassin is forced to fight for her own survival after a job goes dangerously wrong.\",\r\n        \"popularity\": 663.458,\r\n        \"poster_path\": \"/qzA87Wf4jo1h8JMk9GilyIYvwsA.jpg\",\r\n        \"release_date\": \"2020-07-02\",\r\n        \"title\": \"Ava\",\r\n        \"video\": false,\r\n        \"vote_average\": 5.6,\r\n        \"vote_count\": 757\r\n    },\r\n    {\r\n        \"adult\": false,\r\n        \"backdrop_path\": \"/aO5ILS7qnqtFIprbJ40zla0jhpu.jpg\",\r\n        \"genre_ids\": [\r\n            28,\r\n            53,\r\n            12,\r\n            18\r\n        ],\r\n        \"id\": 741067,\r\n        \"original_language\": \"en\",\r\n        \"original_title\": \"Welcome to Sudden Death\",\r\n        \"overview\": \"Jesse Freeman is a former special forces officer and explosives expert now working a regular job as a security guard in a state-of-the-art basketball arena. Trouble erupts when a tech-savvy cadre of terrorists kidnap the team's owner and Jesse's daughter during opening night. Facing a ticking clock and impossible odds, it's up to Jesse to not only save them but also a full house of fans in this highly charged action thriller.\",\r\n        \"popularity\": 624.502,\r\n        \"poster_path\": \"/elZ6JCzSEvFOq4gNjNeZsnRFsvj.jpg\",\r\n        \"release_date\": \"2020-09-29\",\r\n        \"title\": \"Welcome to Sudden Death\",\r\n        \"video\": false,\r\n        \"vote_average\": 6.3,\r\n        \"vote_count\": 184\r\n    }\r\n];\r\n\r\nexport default movies;"],"mappings":";;;;;;AAAA,IAAMA,MAAM,GAAG,CACX;EACI,OAAO,EAAE,KAAK;EACd,eAAe,EAAE,kCAAkC;EACnD,WAAW,EAAE,CACT,EAAE,EACF,EAAE,EACF,GAAG,CACN;EACD,IAAI,EAAE,MAAM;EACZ,mBAAmB,EAAE,IAAI;EACzB,gBAAgB,EAAE,WAAW;EAC7B,UAAU,EAAE,+NAA+N;EAC3O,YAAY,EAAE,QAAQ;EACtB,aAAa,EAAE,kCAAkC;EACjD,cAAc,EAAE,YAAY;EAC5B,OAAO,EAAE,WAAW;EACpB,OAAO,EAAE,KAAK;EACd,cAAc,EAAE,GAAG;EACnB,YAAY,EAAE;AAClB,CAAC,EACD;EACI,OAAO,EAAE,KAAK;EACd,eAAe,EAAE,kCAAkC;EACnD,WAAW,EAAE,CACT,KAAK,EACL,EAAE,EACF,KAAK,CACR;EACD,IAAI,EAAE,MAAM;EACZ,mBAAmB,EAAE,IAAI;EACzB,gBAAgB,EAAE,mBAAmB;EACrC,UAAU,EAAE,0RAA0R;EACtS,YAAY,EAAE,OAAO;EACrB,aAAa,EAAE,kCAAkC;EACjD,cAAc,EAAE,YAAY;EAC5B,OAAO,EAAE,mBAAmB;EAC5B,OAAO,EAAE,KAAK;EACd,cAAc,EAAE,GAAG;EACnB,YAAY,EAAE;AAClB,CAAC,EACD;EACI,OAAO,EAAE,KAAK;EACd,eAAe,EAAE,kCAAkC;EACnD,WAAW,EAAE,CACT,EAAE,EACF,EAAE,EACF,GAAG,CACN;EACD,IAAI,EAAE,MAAM;EACZ,mBAAmB,EAAE,IAAI;EACzB,gBAAgB,EAAE,OAAO;EACzB,UAAU,EAAE,iOAAiO;EAC7O,YAAY,EAAE,QAAQ;EACtB,aAAa,EAAE,kCAAkC;EACjD,cAAc,EAAE,YAAY;EAC5B,OAAO,EAAE,OAAO;EAChB,OAAO,EAAE,KAAK;EACd,cAAc,EAAE,GAAG;EACnB,YAAY,EAAE;AAClB,CAAC,EACD;EACI,OAAO,EAAE,KAAK;EACd,eAAe,EAAE,kCAAkC;EACnD,WAAW,EAAE,CACT,EAAE,EACF,EAAE,EACF,EAAE,CACL;EACD,IAAI,EAAE,MAAM;EACZ,mBAAmB,EAAE,IAAI;EACzB,gBAAgB,EAAE,QAAQ;EAC1B,UAAU,EAAE,qNAAqN;EACjO,YAAY,EAAE,QAAQ;EACtB,aAAa,EAAE,kCAAkC;EACjD,cAAc,EAAE,YAAY;EAC5B,OAAO,EAAE,QAAQ;EACjB,OAAO,EAAE,KAAK;EACd,cAAc,EAAE,GAAG;EACnB,YAAY,EAAE;AAClB,CAAC,EACD;EACI,OAAO,EAAE,KAAK;EACd,eAAe,EAAE,kCAAkC;EACnD,WAAW,EAAE,CACT,EAAE,CACL;EACD,IAAI,EAAE,MAAM;EACZ,mBAAmB,EAAE,IAAI;EACzB,gBAAgB,EAAE,iBAAiB;EACnC,UAAU,EAAE,qZAAqZ;EACja,YAAY,EAAE,OAAO;EACrB,aAAa,EAAE,kCAAkC;EACjD,cAAc,EAAE,YAAY;EAC5B,OAAO,EAAE,iBAAiB;EAC1B,OAAO,EAAE,KAAK;EACd,cAAc,EAAE,GAAG;EACnB,YAAY,EAAE;AAClB,CAAC,EACD;EACI,OAAO,EAAE,KAAK;EACd,eAAe,EAAE,kCAAkC;EACnD,WAAW,EAAE,CACT,EAAE,EACF,EAAE,EACF,EAAE,CACL;EACD,IAAI,EAAE,MAAM;EACZ,mBAAmB,EAAE,IAAI;EACzB,gBAAgB,EAAE,OAAO;EACzB,UAAU,EAAE,2KAA2K;EACvL,YAAY,EAAE,QAAQ;EACtB,aAAa,EAAE,kCAAkC;EACjD,cAAc,EAAE,YAAY;EAC5B,OAAO,EAAE,OAAO;EAChB,OAAO,EAAE,KAAK;EACd,cAAc,EAAE,GAAG;EACnB,YAAY,EAAE;AAClB,CAAC,EACD;EACI,OAAO,EAAE,KAAK;EACd,eAAe,EAAE,kCAAkC;EACnD,WAAW,EAAE,CACT,EAAE,EACF,KAAK,EACL,EAAE,CACL;EACD,IAAI,EAAE,MAAM;EACZ,mBAAmB,EAAE,IAAI;EACzB,gBAAgB,EAAE,YAAY;EAC9B,UAAU,EAAE,mNAAmN;EAC/N,YAAY,EAAE,OAAO;EACrB,aAAa,EAAE,kCAAkC;EACjD,cAAc,EAAE,YAAY;EAC5B,OAAO,EAAE,YAAY;EACrB,OAAO,EAAE,KAAK;EACd,cAAc,EAAE,GAAG;EACnB,YAAY,EAAE;AAClB,CAAC,EACD;EACI,OAAO,EAAE,KAAK;EACd,eAAe,EAAE,kCAAkC;EACnD,WAAW,EAAE,CACT,EAAE,EACF,EAAE,CACL;EACD,IAAI,EAAE,MAAM;EACZ,mBAAmB,EAAE,IAAI;EACzB,gBAAgB,EAAE,WAAW;EAC7B,UAAU,EAAE,+ZAA+Z;EAC3a,YAAY,EAAE,QAAQ;EACtB,aAAa,EAAE,kCAAkC;EACjD,cAAc,EAAE,YAAY;EAC5B,OAAO,EAAE,WAAW;EACpB,OAAO,EAAE,KAAK;EACd,cAAc,EAAE,GAAG;EACnB,YAAY,EAAE;AAClB,CAAC,EACD;EACI,OAAO,EAAE,KAAK;EACd,eAAe,EAAE,kCAAkC;EACnD,WAAW,EAAE,CACT,EAAE,EACF,EAAE,EACF,EAAE,EACF,EAAE,CACL;EACD,IAAI,EAAE,MAAM;EACZ,mBAAmB,EAAE,IAAI;EACzB,gBAAgB,EAAE,OAAO;EACzB,UAAU,EAAE,6bAA6b;EACzc,YAAY,EAAE,QAAQ;EACtB,aAAa,EAAE,kCAAkC;EACjD,cAAc,EAAE,YAAY;EAC5B,OAAO,EAAE,OAAO;EAChB,OAAO,EAAE,KAAK;EACd,cAAc,EAAE,GAAG;EACnB,YAAY,EAAE;AAClB,CAAC,EACD;EACI,OAAO,EAAE,KAAK;EACd,eAAe,EAAE,kCAAkC;EACnD,WAAW,EAAE,CACT,EAAE,EACF,EAAE,CACL;EACD,IAAI,EAAE,MAAM;EACZ,mBAAmB,EAAE,IAAI;EACzB,gBAAgB,EAAE,WAAW;EAC7B,UAAU,EAAE,sKAAsK;EAClL,YAAY,EAAE,QAAQ;EACtB,aAAa,EAAE,iCAAiC;EAChD,cAAc,EAAE,YAAY;EAC5B,OAAO,EAAE,WAAW;EACpB,OAAO,EAAE,KAAK;EACd,cAAc,EAAE,CAAC;EACjB,YAAY,EAAE;AAClB,CAAC,EACD;EACI,OAAO,EAAE,KAAK;EACd,eAAe,EAAE,kCAAkC;EACnD,WAAW,EAAE,CACT,KAAK,EACL,EAAE,EACF,EAAE,CACL;EACD,IAAI,EAAE,MAAM;EACZ,mBAAmB,EAAE,IAAI;EACzB,gBAAgB,EAAE,oCAAoC;EACtD,UAAU,EAAE,iPAAiP;EAC7P,YAAY,EAAE,QAAQ;EACtB,aAAa,EAAE,kCAAkC;EACjD,cAAc,EAAE,YAAY;EAC5B,OAAO,EAAE,oCAAoC;EAC7C,OAAO,EAAE,KAAK;EACd,cAAc,EAAE,GAAG;EACnB,YAAY,EAAE;AAClB,CAAC,EACD;EACI,OAAO,EAAE,KAAK;EACd,eAAe,EAAE,kCAAkC;EACnD,WAAW,EAAE,CACT,EAAE,EACF,EAAE,CACL;EACD,IAAI,EAAE,MAAM;EACZ,mBAAmB,EAAE,IAAI;EACzB,gBAAgB,EAAE,aAAa;EAC/B,UAAU,EAAE,uOAAuO;EACnP,YAAY,EAAE,OAAO;EACrB,aAAa,EAAE,kCAAkC;EACjD,cAAc,EAAE,YAAY;EAC5B,OAAO,EAAE,aAAa;EACtB,OAAO,EAAE,KAAK;EACd,cAAc,EAAE,GAAG;EACnB,YAAY,EAAE;AAClB,CAAC,EACD;EACI,OAAO,EAAE,KAAK;EACd,eAAe,EAAE,kCAAkC;EACnD,WAAW,EAAE,CACT,EAAE,EACF,EAAE,EACF,EAAE,CACL;EACD,IAAI,EAAE,MAAM;EACZ,mBAAmB,EAAE,IAAI;EACzB,gBAAgB,EAAE,IAAI;EACtB,UAAU,EAAE,6GAA6G;EACzH,YAAY,EAAE,OAAO;EACrB,aAAa,EAAE,kCAAkC;EACjD,cAAc,EAAE,YAAY;EAC5B,OAAO,EAAE,WAAW;EACpB,OAAO,EAAE,KAAK;EACd,cAAc,EAAE,GAAG;EACnB,YAAY,EAAE;AAClB,CAAC,EACD;EACI,OAAO,EAAE,KAAK;EACd,eAAe,EAAE,kCAAkC;EACnD,WAAW,EAAE,CACT,EAAE,EACF,KAAK,EACL,EAAE,EACF,EAAE,EACF,EAAE,CACL;EACD,IAAI,EAAE,MAAM;EACZ,mBAAmB,EAAE,IAAI;EACzB,gBAAgB,EAAE,0BAA0B;EAC5C,UAAU,EAAE,4WAA4W;EACxX,YAAY,EAAE,OAAO;EACrB,aAAa,EAAE,kCAAkC;EACjD,cAAc,EAAE,YAAY;EAC5B,OAAO,EAAE,0BAA0B;EACnC,OAAO,EAAE,KAAK;EACd,cAAc,EAAE,GAAG;EACnB,YAAY,EAAE;AAClB,CAAC,EACD;EACI,OAAO,EAAE,KAAK;EACd,eAAe,EAAE,kCAAkC;EACnD,WAAW,EAAE,CACT,EAAE,EACF,EAAE,EACF,EAAE,EACF,EAAE,CACL;EACD,IAAI,EAAE,MAAM;EACZ,mBAAmB,EAAE,IAAI;EACzB,gBAAgB,EAAE,OAAO;EACzB,UAAU,EAAE,uJAAuJ;EACnK,YAAY,EAAE,OAAO;EACrB,aAAa,EAAE,kCAAkC;EACjD,cAAc,EAAE,YAAY;EAC5B,OAAO,EAAE,YAAY;EACrB,OAAO,EAAE,KAAK;EACd,cAAc,EAAE,GAAG;EACnB,YAAY,EAAE;AAClB,CAAC,EACD;EACI,OAAO,EAAE,KAAK;EACd,eAAe,EAAE,kCAAkC;EACnD,WAAW,EAAE,CACT,KAAK,EACL,EAAE,CACL;EACD,IAAI,EAAE,MAAM;EACZ,mBAAmB,EAAE,IAAI;EACzB,gBAAgB,EAAE,kCAAkC;EACpD,UAAU,EAAE,+cAA+c;EAC3d,YAAY,EAAE,OAAO;EACrB,aAAa,EAAE,kCAAkC;EACjD,cAAc,EAAE,YAAY;EAC5B,OAAO,EAAE,kCAAkC;EAC3C,OAAO,EAAE,KAAK;EACd,cAAc,EAAE,GAAG;EACnB,YAAY,EAAE;AAClB,CAAC,EACD;EACI,OAAO,EAAE,KAAK;EACd,eAAe,EAAE,kCAAkC;EACnD,WAAW,EAAE,CACT,EAAE,EACF,EAAE,EACF,EAAE,EACF,EAAE,EACF,EAAE,CACL;EACD,IAAI,EAAE,MAAM;EACZ,mBAAmB,EAAE,IAAI;EACzB,gBAAgB,EAAE,gBAAgB;EAClC,UAAU,EAAE,kWAAkW;EAC9W,YAAY,EAAE,MAAM;EACpB,aAAa,EAAE,kCAAkC;EACjD,cAAc,EAAE,YAAY;EAC5B,OAAO,EAAE,qCAAqC;EAC9C,OAAO,EAAE,KAAK;EACd,cAAc,EAAE,CAAC;EACjB,YAAY,EAAE;AAClB,CAAC,EACD;EACI,OAAO,EAAE,KAAK;EACd,eAAe,EAAE,kCAAkC;EACnD,WAAW,EAAE,CACT,EAAE,EACF,EAAE,EACF,EAAE,EACF,EAAE,EACF,KAAK,CACR;EACD,IAAI,EAAE,MAAM;EACZ,mBAAmB,EAAE,IAAI;EACzB,gBAAgB,EAAE,wCAAwC;EAC1D,UAAU,EAAE,2JAA2J;EACvK,YAAY,EAAE,OAAO;EACrB,aAAa,EAAE,kCAAkC;EACjD,cAAc,EAAE,YAAY;EAC5B,OAAO,EAAE,wCAAwC;EACjD,OAAO,EAAE,KAAK;EACd,cAAc,EAAE,CAAC;EACjB,YAAY,EAAE;AAClB,CAAC,EACD;EACI,OAAO,EAAE,KAAK;EACd,eAAe,EAAE,kCAAkC;EACnD,WAAW,EAAE,CACT,EAAE,EACF,EAAE,EACF,EAAE,EACF,EAAE,CACL;EACD,IAAI,EAAE,MAAM;EACZ,mBAAmB,EAAE,IAAI;EACzB,gBAAgB,EAAE,KAAK;EACvB,UAAU,EAAE,kGAAkG;EAC9G,YAAY,EAAE,OAAO;EACrB,aAAa,EAAE,kCAAkC;EACjD,cAAc,EAAE,YAAY;EAC5B,OAAO,EAAE,KAAK;EACd,OAAO,EAAE,KAAK;EACd,cAAc,EAAE,GAAG;EACnB,YAAY,EAAE;AAClB,CAAC,EACD;EACI,OAAO,EAAE,KAAK;EACd,eAAe,EAAE,kCAAkC;EACnD,WAAW,EAAE,CACT,EAAE,EACF,EAAE,EACF,EAAE,EACF,EAAE,CACL;EACD,IAAI,EAAE,MAAM;EACZ,mBAAmB,EAAE,IAAI;EACzB,gBAAgB,EAAE,yBAAyB;EAC3C,UAAU,EAAE,+aAA+a;EAC3b,YAAY,EAAE,OAAO;EACrB,aAAa,EAAE,kCAAkC;EACjD,cAAc,EAAE,YAAY;EAC5B,OAAO,EAAE,yBAAyB;EAClC,OAAO,EAAE,KAAK;EACd,cAAc,EAAE,GAAG;EACnB,YAAY,EAAE;AAClB,CAAC,CACJ;AAAC,eAEaA,MAAM;AAAA"},"_coverageSchema":"1a1c01bbd47fc00a2c39e90264f33305004495a9","hash":"f14057c121ece571599cbce37edb511fa42f17c1","contentHash":"58b7ca89f82169334f912becbff2f64bf9edb9485ccca8622c53b4cea1825264"},"C:\\Users\\Ben\\Desktop\\src\\asp2\\assignment2\\seedData\\tv.js":{"path":"C:\\Users\\Ben\\Desktop\\src\\asp2\\assignment2\\seedData\\tv.js","statementMap":{"0":{"start":{"line":3,"column":0},"end":{"line":5,"column":3}},"1":{"start":{"line":6,"column":0},"end":{"line":6,"column":28}},"2":{"start":{"line":7,"column":9},"end":{"line":327,"column":2}},"3":{"start":{"line":328,"column":15},"end":{"line":328,"column":17}},"4":{"start":{"line":329,"column":0},"end":{"line":329,"column":30}}},"fnMap":{},"branchMap":{},"s":{"0":1,"1":1,"2":1,"3":1,"4":1},"f":{},"b":{},"inputSourceMap":{"version":3,"names":["tv"],"sourceRoot":"C:\\Users\\Ben\\Desktop\\src\\asp2\\assignment2\\seedData\\","sources":["tv.js"],"sourcesContent":["const tv = [\r\n        {\r\n            \"backdrop_path\": \"/iHSwvRVsRyxpX7FE7GbviaDvgGZ.jpg\",\r\n            \"first_air_date\": \"2022-11-23\",\r\n            \"genre_ids\": [\r\n                10765,\r\n                9648,\r\n                35\r\n            ],\r\n            \"id\": 119051,\r\n            \"name\": \"Wednesday\",\r\n            \"origin_country\": [\r\n                \"US\"\r\n            ],\r\n            \"original_language\": \"en\",\r\n            \"original_name\": \"Wednesday\",\r\n            \"overview\": \"Wednesday Addams is sent to Nevermore Academy, a bizarre boarding school where she attempts to master her psychic powers, stop a monstrous killing spree of the town citizens, and solve the supernatural mystery that affected her family 25 years ago — all while navigating her new relationships.\",\r\n            \"popularity\": 4138.512,\r\n            \"poster_path\": \"/9PFonBhy4cQy7Jz20NpMygczOkv.jpg\",\r\n            \"vote_average\": 8.8,\r\n            \"vote_count\": 3409,\r\n            \"favorite\": false,\r\n            \"mustWatch\": false\r\n        },\r\n        {\r\n            \"backdrop_path\": \"/3FLHePl9Y3n4BidLVjIA9qSRDOE.jpg\",\r\n            \"first_air_date\": \"2021-08-03\",\r\n            \"genre_ids\": [\r\n                10766\r\n            ],\r\n            \"id\": 130542,\r\n            \"name\": \"Bhagya Lakshmi\",\r\n            \"origin_country\": [\r\n                \"IN\"\r\n            ],\r\n            \"original_language\": \"en\",\r\n            \"original_name\": \"Bhagya Lakshmi\",\r\n            \"overview\": \"Hailing from a middle-class family, Lakshmi’s life is upended when she realises that her marriage to Rishi Oberoi, an industrialist’s son, is a sham to keep his death at bay.\",\r\n            \"popularity\": 1658.072,\r\n            \"poster_path\": \"/7wuKrFvbX7kAIF0ctotARsqayPo.jpg\",\r\n            \"vote_average\": 4.7,\r\n            \"vote_count\": 8,\r\n            \"favorite\": false,\r\n            \"mustWatch\": false\r\n        },\r\n        {\r\n            \"backdrop_path\": \"/5NboRtvAKCU0KJGs5rXbw9deQf.jpg\",\r\n            \"first_air_date\": \"2021-10-27\",\r\n            \"genre_ids\": [],\r\n            \"id\": 197109,\r\n            \"name\": \"¿Cómo se llama esta relación?\",\r\n            \"origin_country\": [\r\n                \"US\"\r\n            ],\r\n            \"original_language\": \"en\",\r\n            \"original_name\": \"¿Cómo se llama esta relación?\",\r\n            \"overview\": \"The new stage of Yeh Rishta Kya Kehlata Hai will deal with the rivalry between sisters set within the premise of a love triangle. It will basically revolve around the story of two sisters, Akshara and Aarohi, and how they get entangled in a relationship with their love interest, Abhimanyu.\",\r\n            \"popularity\": 1471.775,\r\n            \"poster_path\": \"/6ZfiG4P7jivJV0wgcNMSiS2Owhh.jpg\",\r\n            \"vote_average\": 0,\r\n            \"vote_count\": 1,\r\n            \"favorite\": false,\r\n            \"mustWatch\": false\r\n        },\r\n        {\r\n            \"backdrop_path\": \"/qcpC9lv6VLL4Zw45EveYELyje1w.jpg\",\r\n            \"first_air_date\": \"2020-10-05\",\r\n            \"genre_ids\": [\r\n                18,\r\n                10766,\r\n                10751\r\n            ],\r\n            \"id\": 111453,\r\n            \"name\": \"Ghum Hai Kisi Ke Pyaar Mein\",\r\n            \"origin_country\": [\r\n                \"IN\"\r\n            ],\r\n            \"original_language\": \"hi\",\r\n            \"original_name\": \"घुम है किसिकी प्यार में\",\r\n            \"overview\": \"Virat sacrifices his love to honour the promise he made to a dying man. Trapped between the past and the present, will he find love beyond the chains of duty?\",\r\n            \"popularity\": 1440.438,\r\n            \"poster_path\": \"/uNjnoT3RChs2r7O9pDyx7TNBvIj.jpg\",\r\n            \"vote_average\": 5.4,\r\n            \"vote_count\": 10,\r\n            \"favorite\": false,\r\n            \"mustWatch\": false\r\n        },\r\n        {\r\n            \"backdrop_path\": \"/t2rAdgjSh0WYbXzdOB5zTDqzdCI.jpg\",\r\n            \"first_air_date\": \"2022-11-02\",\r\n            \"genre_ids\": [\r\n                18\r\n            ],\r\n            \"id\": 213713,\r\n            \"name\": \"Faltu\",\r\n            \"origin_country\": [\r\n                \"IN\"\r\n            ],\r\n            \"original_language\": \"hi\",\r\n            \"original_name\": \"Faltu\",\r\n            \"overview\": \"What's in a name? Amidst the arid landscape of Rajasthan, a young woman with dreamy eyes struggles to prove her worth.\",\r\n            \"popularity\": 1428.912,\r\n            \"poster_path\": \"/lgyFuoXs7GvKJN0mNm7z7OMOFuZ.jpg\",\r\n            \"vote_average\": 4.8,\r\n            \"vote_count\": 5,\r\n            \"favorite\": false,\r\n            \"mustWatch\": false\r\n        },\r\n        {\r\n            \"backdrop_path\": \"/1UCGE1Dl7iClKIbDMcGWiHKVWCU.jpg\",\r\n            \"first_air_date\": \"2022-05-30\",\r\n            \"genre_ids\": [\r\n                35,\r\n                10759,\r\n                10766\r\n            ],\r\n            \"id\": 197189,\r\n            \"name\": \"Cara e Coragem\",\r\n            \"origin_country\": [\r\n                \"BR\"\r\n            ],\r\n            \"original_language\": \"pt\",\r\n            \"original_name\": \"Cara e Coragem\",\r\n            \"overview\": \"\",\r\n            \"popularity\": 1424.291,\r\n            \"poster_path\": \"/8CXbCCGiJxi4AXPBQ1QPrehMIGG.jpg\",\r\n            \"vote_average\": 5.8,\r\n            \"vote_count\": 40,\r\n            \"favorite\": false,\r\n            \"mustWatch\": false\r\n        },\r\n        {\r\n            \"backdrop_path\": \"/fNka2BdJXPyIr5EntlbXrZvqLlX.jpg\",\r\n            \"first_air_date\": \"2022-12-01\",\r\n            \"genre_ids\": [\r\n                10762,\r\n                10751\r\n            ],\r\n            \"id\": 213036,\r\n            \"name\": \"Tinka and the mirror of the soul\",\r\n            \"origin_country\": [\r\n                \"DK\"\r\n            ],\r\n            \"original_language\": \"da\",\r\n            \"original_name\": \"Tinka og sjælens spejl\",\r\n            \"overview\": \"The last time we met Tinka, she introduced the Collection, where representatives from the four regions of the Kingdom of the Gnomes and a single person together ruled and decided. However, the new form of government does not work as Tinka had hoped, and she has therefore begun to doubt her abilities as the leader of the elves. When Ingi puts Tinka on the trail of a family secret, she and Lasse search for answers in the human world, and here Tinka awaits a surprise that puts the entire existence of the Kingdom of the Elves at risk.\",\r\n            \"popularity\": 1410.457,\r\n            \"poster_path\": \"/zlc7lRq95C7ZTN12pWgtq5AtDga.jpg\",\r\n            \"vote_average\": 7.5,\r\n            \"vote_count\": 6,\r\n            \"favorite\": false,\r\n            \"mustWatch\": false\r\n        },\r\n        {\r\n            \"backdrop_path\": \"/8EBjy4FkJeXo2toLOOrDHXIXXBo.jpg\",\r\n            \"first_air_date\": \"2
[...]
":215,"column":70},"end":{"line":246,"column":5}},"line":215},"24":{"name":"(anonymous_24)","decl":{"start":{"line":248,"column":9},"end":{"line":248,"column":10}},"loc":{"start":{"line":248,"column":31},"end":{"line":250,"column":3}},"line":248},"25":{"name":"(anonymous_25)","decl":{"start":{"line":252,"column":98},"end":{"line":252,"column":99}},"loc":{"start":{"line":252,"column":110},"end":{"line":281,"column":1}},"line":252},"26":{"name":"_callee7","decl":{"start":{"line":253,"column":101},"end":{"line":253,"column":109}},"loc":{"start":{"line":253,"column":120},"end":{"line":277,"column":3}},"line":253},"27":{"name":"_callee7$","decl":{"start":{"line":255,"column":49},"end":{"line":255,"column":58}},"loc":{"start":{"line":255,"column":70},"end":{"line":276,"column":5}},"line":255},"28":{"name":"(anonymous_28)","decl":{"start":{"line":278,"column":9},"end":{"line":278,"column":10}},"loc":{"start":{"line":278,"column":31},"end":{"line":280,"column":3}},"line":278},"29":{"name":"(anonymous_29)","decl":{"start":{"line":282,"column":90},"end":{"line":282,"column":91}},"loc":{"start":{"line":282,"column":102},"end":{"line":303,"column":1}},"line":282},"30":{"name":"_callee8","decl":{"start":{"line":283,"column":101},"end":{"line":283,"column":109}},"loc":{"start":{"line":283,"column":120},"end":{"line":299,"column":3}},"line":283},"31":{"name":"_callee8$","decl":{"start":{"line":285,"column":49},"end":{"line":285,"column":58}},"loc":{"start":{"line":285,"column":70},"end":{"line":298,"column":5}},"line":285},"32":{"name":"(anonymous_32)","decl":{"start":{"line":300,"column":9},"end":{"line":300,"column":10}},"loc":{"start":{"line":300,"column":31},"end":{"line":302,"column":3}},"line":300}},"branchMap":{"0":{"loc":{"start":{"line":25,"column":16},"end":{"line":35,"column":7}},"type":"switch","locations":[{"start":{"line":26,"column":8},"end":{"line":28,"column":46}},{"start":{"line":29,"column":8},"end":{"line":31,"column":38}},{"start":{"line":32,"column":8},"end":{"line":32,"column":15}},{"start":{"line":33,"column":8},"end":{"line":34,"column":33}}],"line":25},"1":{"loc":{"start":{"line":48,"column":16},"end":{"line":106,"column":7}},"type":"switch","locations":[{"start":{"line":49,"column":8},"end":{"line":58,"column":52}},{"start":{"line":59,"column":8},"end":{"line":65,"column":56}},{"start":{"line":66,"column":8},"end":{"line":72,"column":16}},{"start":{"line":73,"column":8},"end":{"line":75,"column":73}},{"start":{"line":76,"column":8},"end":{"line":85,"column":14}},{"start":{"line":86,"column":8},"end":{"line":102,"column":13}},{"start":{"line":103,"column":8},"end":{"line":103,"column":16}},{"start":{"line":104,"column":8},"end":{"line":105,"column":34}}],"line":48},"2":{"loc":{"start":{"line":50,"column":10},"end":{"line":53,"column":11}},"type":"if","locations":[{"start":{"line":50,"column":10},"end":{"line":53,"column":11}},{"start":{"line":50,"column":10},"end":{"line":53,"column":11}}],"line":50},"3":{"loc":{"start":{"line":50,"column":16},"end":{"line":50,"column":56}},"type":"binary-expr","locations":[{"start":{"line":50,"column":16},"end":{"line":50,"column":34}},{"start":{"line":50,"column":38},"end":{"line":50,"column":56}}],"line":50},"4":{"loc":{"start":{"line":60,"column":10},"end":{"line":63,"column":11}},"type":"if","locations":[{"start":{"line":60,"column":10},"end":{"line":63,"column":11}},{"start":{"line":60,"column":10},"end":{"line":63,"column":11}}],"line":60},"5":{"loc":{"start":{"line":78,"column":10},"end":{"line":81,"column":11}},"type":"if","locations":[{"start":{"line":78,"column":10},"end":{"line":81,"column":11}},{"start":{"line":78,"column":10},"end":{"line":81,"column":11}}],"line":78},"6":{"loc":{"start":{"line":88,"column":12},"end":{"line":101,"column":13}},"type":"if","locations":[{"start":{"line":88,"column":12},"end":{"line":101,"column":13}},{"start":{"line":88,"column":12},"end":{"line":101,"column":13}}],"line":88},"7":{"loc":{"start":{"line":88,"column":16},"end":{"line":88,"column":31}},"type":"binary-expr","locations":[{"start":{"line":88,"column":16},"end":{"line":88,"column":23}},{"start":{"line":88,"column":27},"end":{"line":88,"column":31}}],"line":88},"8":{"loc":{"start":{"line":117,"column":16},"end":{"line":146,"column":7}},"type":"switch","locations":[{"start":{"line":118,"column":8},"end":{"line":122,"column":64}},{"start":{"line":123,"column":8},"end":{"line":130,"column":47}},{"start":{"line":131,"column":8},"end":{"line":133,"column":29}},{"start":{"line":134,"column":8},"end":{"line":137,"column":16}},{"start":{"line":138,"column":8},"end":{"line":142,"column":13}},{"start":{"line":143,"column":8},"end":{"line":143,"column":16}},{"start":{"line":144,"column":8},"end":{"line":145,"column":34}}],"line":117},"9":{"loc":{"start":{"line":125,"column":10},"end":{"line":128,"column":11}},"type":"if","locations":[{"start":{"line":125,"column":10},"end":{"line":128,"column":11}},{"start":{"line":125,"column":10},"end":{"line":128,"column":11}}],"line":125},"10":{"loc":{"start":{"line":157,"column":16},"end":{"line":183,"column":7}},"type":"switch","locations":[{"start":{"line":158,"column":8},"end":{"line":162,"column":64}},{"start":{"line":163,"column":8},"end":{"line":166,"column":60}},{"start":{"line":167,"column":8},"end":{"line":170,"column":53}},{"start":{"line":171,"column":8},"end":{"line":174,"column":55}},{"start":{"line":175,"column":8},"end":{"line":177,"column":29}},{"start":{"line":178,"column":8},"end":{"line":179,"column":37}},{"start":{"line":180,"column":8},"end":{"line":180,"column":16}},{"start":{"line":181,"column":8},"end":{"line":182,"column":34}}],"line":157},"11":{"loc":{"start":{"line":194,"column":16},"end":{"line":205,"column":7}},"type":"switch","locations":[{"start":{"line":195,"column":8},"end":{"line":198,"column":92}},{"start":{"line":199,"column":8},"end":{"line":201,"column":53}},{"start":{"line":202,"column":8},"end":{"line":202,"column":15}},{"start":{"line":203,"column":8},"end":{"line":204,"column":34}}],"line":194},"12":{"loc":{"start":{"line":216,"column":16},"end":{"line":245,"column":7}},"type":"switch","locations":[{"start":{"line":217,"column":8},"end":{"line":221,"column":64}},{"start":{"line":222,"column":8},"end":{"line":229,"column":43}},{"start":{"line":230,"column":8},"end":{"line":232,"column":29}},{"start":{"line":233,"column":8},"end":{"line":236,"column":16}},{"start":{"line":237,"column":8},"end":{"line":241,"column":13}},{"start":{"line":242,"column":8},"end":{"line":242,"column":16}},{"start":{"line":243,"column":8},"end":{"line":244,"column":34}}],"line":216},"13":{"loc":{"start":{"line":224,"column":10},"end":{"line":227,"column":11}},"type":"if","locations":[{"start":{"line":224,"column":10},"end":{"line":227,"column":11}},{"start":{"line":224,"column":10},"end":{"line":227,"column":11}}],"line":224},"14":{"loc":{"start":{"line":256,"column":16},"end":{"line":275,"column":7}},"type":"switch","locations":[{"start":{"line":257,"column":8},"end":{"line":261,"column":64}},{"start":{"line":262,"column":8},"end":{"line":266,"column":51}},{"start":{"line":267,"column":8},"end":{"line":269,"column":29}},{"start":{"line":270,"column":8},"end":{"line":271,"column":37}},{"start":{"line":272,"column":8},"end":{"line":272,"column":16}},{"start":{"line":273,"column":8},"end":{"line":274,"column":34}}],"line":256},"15":{"loc":{"start":{"line":286,"column":16},"end":{"line":297,"column":7}},"type":"switch","locations":[{"start":{"line":287,"column":8},"end":{"line":290,"column":88}},{"start":{"line":291,"column":8},"end":{"line":293,"column":49}},{"start":{"line":294,"column":8},"end":{"line":294,"column":15}},{"start":{"line":295,"column":8},"end":{"line":296,"column":34}}],"line":286}},"s":{"0":1,"1":1,"2":1,"3":1,"4":1,"5":1,"6":1,"7":1,"8":1,"9":1,"10":1,"11":1,"12":1,"13":1,"14":1,"15":3,"16":6,"17":6,"18":3,"19":3,"20":3,"21":3,"22":3,"23":1,"24":3,"25":1,"26":1,"27":110,"28":220,"29":478,"30":110,"31":109,"32":109,"33":1,"34":1,"35":109,"36":42,"37":42,"38":67,"39":67,"40":65,"41":65,"42":65,"43":42,"44":42,"45":42,"46":42,"47":42,"48":42,"49":0,"50":42,"51":42,"52":41,"53":41,"54":1,"55":110,"56":1,"57":110,"58":1,"59":1,"60":2,"61":6,"62":8,"63":2,"64":2,"65":2,"66":2,"67":2,"68":2,"69":1,"70":1,"71":1,"72":1,"73":1,"74":1,"75":1,"76":1,"77":1,"78":1,"79":2,"80":1,"81":2,"82":1,"83":1,"84":1,"85":6,"86":6,"87":1,"88":1,"89":1,"90":1,"91":1,"92":1,"93":1,"94":1,"95":1,"96":1,"97":1,"98":1,"99":1,"100":1,"101":1,"102":1,"103":1,"104":1,"105":1,"106":1,"107":1,"108":1,"109":2,"110":2,"111":1,"112":1,"113":1,"114":1,"115":1,"116":1,"117":1,"118":1,"119":1,"120":1,"121":2,"122":6,"123":8,"124":2,"125":2,"126":2,"127":2,"128":2,"129":2,"130":1,"131":1,"132":1,"133":1,"134":1,"135":1,"136":1,"137":1,"138":1,"139":1,"140":2,"141":1,"142":2,"143":1,"144":1,"145":1,"146":4,"147":4,"148":1,"149":1,"150":1,"151":1,"152":1,"153":1,"154":1,"155":1,"156":1,"157":1,"158":1,"159":1,"160":1,"161":1,"162":1,"163":1,"164":1,"165":2,"166":2,"167":1,"168":1,"169":1,"170":1,"171":1,"172":1,"173":1,"174":1,"175":1,"176":1},"f":{"0":1,"1":3,"2":6,"3":3,"4":1,"5":110,"6":220,"7":42,"8":110,"9":1,"10":2,"11":6,"12":2,"13":1,"14":1,"15":6,"16":1,"17":1,"18":1,"19":2,"20":1,"21":1,"22":2,"23":6,"24":2,"25":1,"26":1,"27":4,"28":1,"29":1,"30":1,"31":2,"32":1},"b":{"0":[3,3,3,3],"1":[110,109,65,42,42,42,107,110],"2":[109,1],"3":[110,110],"4":[42,67],"5":[42,0],"6":[41,1],"7":[42,41],"8":[2,2,1,1,1,2,2],"9":[1,1],"10":[1,1,1,1,1,1,1,1],"11":[1,1,1,1],"12":[2,2,1,1,1,2,2],"13":[1,1],"14":[1,1,1,1,1,1],"15":[1,1,1,1]},"inputSourceMap":{"version":3,"names":["router","express","Router","regex","RegExp","regex2","get","req","res","User","find","users","status","json","post","asyncHandler","next","body","username","password","success","msg","query","action","create","code","findByUserName","user","comparePassword","err","isMatch","token","jwt","sign","process","env","SECRET","id","userName","params","favouriteMovies","includes","push","save","movieModel","findByMovieDBId","movie","indexOf","index","splice","populate","favouriteTv"],"sourceRoot":"C:\\Users\\Ben\\Desktop\\src\\asp2\\assignment2\\api\\users\\","sources":["index.js"],"sourcesContent":["import express from 'express';\r\nimport User from './userModel';\r\nimport jwt from 'jsonwebtoken';\r\nimport asyncHandler from 'express-async-handler';\r\nimport movieModel from '../movies/movieModel';\r\n\r\nconst router = express.Router(); // eslint-disable-line\r\n\r\nlet regex = new RegExp(\"^(?=.*[A-Za-z])(?=.*\\d)[A-Za-z\\d]{5,}$\");\r\nlet regex2 = new RegExp(\"^(?=.*\\d)(?=.*[a-z])(?=.*[A-Z])(?=.*[^a-zA-Z0-9])(?!.*\\s).{5,15}$\"); //5-15 Chars - 1 digit, 1 Upper, 1 Lower, 1 Special\r\n\r\n// Get all users\r\nrouter.get('/', async (req, res) => {\r\n    const users = await User.find();\r\n    res.status(200).json(users);\r\n});\r\n\r\n// Register OR authenticate a user\r\nrouter.post('/',asyncHandler( async (req, res, next) => {\r\n    if (!req.body.username || !req.body.password) {\r\n      res.status(401).json({success: false, msg: 'Please pass username and password.'});\r\n      return next();\r\n    }\r\n    if (req.query.action === 'register') {\r\n      await User.create(req.body);\r\n      res.status(201).json({code: 201, msg: 'Successful created new user.'});\r\n    } else {\r\n      const user = await User.findByUserName(req.body.username);\r\n        if (!user) return res.status(401).json({ code: 401, msg: 'Authentication failed. User not found.' });\r\n        user.comparePassword(req.body.password, (err, isMatch) => {\r\n          if (isMatch && !err) {\r\n            // if user is found and password matches, create a token\r\n            const token = jwt.sign(user.username, process.env.SECRET);\r\n            // return the information including token as JSON\r\n            res.status(200).json({success: true, token: 'BEARER ' + token});\r\n          } else {\r\n            res.status(401).json({code: 401,msg: 'Authentication failed. Wrong password.'});\r\n          }\r\n        });\r\n      }\r\n  }));\r\n\r\nrouter.post('/:userName/favourites/movies', asyncHandler(async (req, res) => {\r\n    const id = req.body.id;\r\n    const userName = req.params.userName;\r\n    const user = await User.findByUserName(userName);\r\n    if (!user.favouriteMovies.includes(id)) {\r\n        await user.favouriteMovies.push(id);\r\n        await user.save(); \r\n        res.status(201).json(user); \r\n    }\r\n    else{\r\n      res.status(401).json({code: 401,msg: \"Already in favourites.\"})\r\n    }     \r\n  }));\r\n\r\nrouter.post('/:userName/favourites/movies/delete', asyncHandler(async (req, res) => {\r\n  const id = req.body.id;\r\n  const userName = req.params.userName;\r\n  const user = await User.findByUserName(userName);\r\n  const movie = await movieModel.findByMovieDBId(id);\r\n  const index =  await user.favouriteMovies.indexOf(movie);\r\n  await user.favouriteMovies.splice(index , 1);\r\n  await user.save(); \r\n  res.status(201).json(user); \r\n}));\r\n\r\n\r\nrouter.get('/:userName/favourites/movies', asyncHandler( async (req, res) => {\r\n  const userName = req.params.userName;\r\n  const user = await User.findByUserName(userName).populate('favouriteMovies');\r\n  res.status(200).json(user.favouriteMovies);\r\n}));\r\n\r\nrouter.post('/:userName/favourites/tv', asyncHandler(async (req, res) => {\r\n  const id = req.body.id;\r\n  const userName = req.params.userName;\r\n  const user = await User.findByUserName(userName);\r\n  if (!user.favouriteTv.includes(id)) {\r\n      await user.favouriteTv.push(id);\r\n      await user.save(); \r\n      res.status(201).json(user); \r\n  }\r\n  else{\r\n    res.status(401).json({code: 401,msg: \"Already in favourites.\"})\r\n  } \r\n}));\r\n\r\nrouter.post('/:userName/favourites/tv/delete', asyncHandler(async (req, res) => {\r\n  const id = req.body.id;\r\n  const userName = req.params.userName;\r\n  const user = await User.findByUserName(userName);\r\n  const index = user.favouriteTv.indexOf(id);\r\n  await user.favouriteTv.splice(index,1);\r\n  await user.save(); \r\n  res.status(201).json(user); \r\n}));\r\n\r\nrouter.get('/:userName/favourites/tv', asyncHandler( async (req, res) => {\r\nconst userName = req.params.userName;\r\nconst user = await User.findByUserName(userName).populate('favouriteTv');\r\nres.status(200).json(user.favouriteTv);\r\n}));\r\n\r\nexport default router;"],"mappings":";;;;;;;;;AAAA;AACA;AACA;AACA;AACA;AAEA,IAAMA,MAAM,GAAGC,mBAAO,CAACC,MAAM,EAAE,CAAC,CAAC;;AAEjC,IAAIC,KAAK,GAAG,IAAIC,MAAM,CAAC,wCAAwC,CAAC;AAChE,IAAIC,MAAM,GAAG,IAAID,MAAM,CAAC,mEAAmE,CAAC,CAAC,CAAC;;AAE9F;AACAJ,MAAM,CAACM,GAAG,CAAC,GAAG;EAAA,yFAAE,iBAAOC,GAAG,EAAEC,GAAG;IAAA;IAAA;MAAA;QAAA;UAAA;UAAA,OACPC,qBAAI,CAACC,IAAI,EAAE;QAAA;UAAzBC,KAAK;UACXH,GAAG,CAACI,MAAM,CAAC,GAAG,CAAC,CAACC,IAAI,CAACF,KAAK,CAAC;QAAC;QAAA;UAAA;MAAA;IAAA;EAAA,CAC/B;EAAA;IAAA;EAAA;AAAA,IAAC;;AAEF;AACAX,MAAM,CAACc,IAAI,CAAC,GAAG,EAAC,IAAAC,+BAAY;EAAA,0FAAE,kBAAOR,GAAG,EAAEC,GAAG,EAAEQ,IAAI;IAAA;IAAA;MAAA;QAAA;UAAA,MAC3C,CAACT,GAAG,CAACU,IAAI,CAACC,QAAQ,IAAI,CAACX,GAAG,CAACU,IAAI,CAACE,QAAQ;YAAA;YAAA;UAAA;UAC1CX,GAAG,CAACI,MAAM,CAAC,GAAG,CAAC,CAACC,IAAI,CAAC;YAACO,OAAO,EAAE,KAAK;YAAEC,GAAG,EAAE;UAAoC,CAAC,CAAC;UAAC,kCAC3EL,IAAI,EAAE;QAAA;UAAA,MAEXT,GAAG,CAACe,KAAK,CAACC,MAAM,KAAK,UAAU;YAAA;YAAA;UAAA;UAAA;UAAA,OAC3Bd,qBAAI,CAACe,MAAM,CAACjB,GAAG,CAACU,IAAI,CAAC;QAAA;UAC3BT,GAAG,CAACI,MAAM,CAAC,GAAG,CAAC,CAACC,IAAI,CAAC;YAACY,IAAI,EAAE,GAAG;YAAEJ,GAAG,EAAE;UAA8B,CAAC,CAAC;UAAC;UAAA;QAAA;UAAA;UAAA,OAEpDZ,qBAAI,CAACiB,cAAc,CAACnB,GAAG,CAACU,IAAI,CAACC,QAAQ,CAAC;QAAA;UAAnDS,IAAI;UAAA,IACHA,IAAI;YAAA;YAAA;UAAA;UAAA,kCAASnB,GAAG,CAACI,MAAM,CAAC,GAAG,CAAC,CAACC,IAAI,CAAC;YAAEY,IAAI,EAAE,GAAG;YAAEJ,GAAG,EAAE;UAAyC,CAAC,CAAC;QAAA;UACpGM,IAAI,CAACC,eAAe,CAACrB,GAAG,CAACU,IAAI,CAACE,QAAQ,EAAE,UAACU,GAAG,EAAEC,OAAO,EAAK;YACxD,IAAIA,OAAO,IAAI,CAACD,GAAG,EAAE;cACnB;cACA,IAAME,KAAK,GAAGC,wBAAG,CAACC,IAAI,CAACN,IAAI,CAACT,QAAQ,EAAEgB,OAAO,CAACC,GAAG,CAACC,MAAM,CAAC;cACzD;cACA5B,GAAG,CAACI,MAAM,CAAC,GAAG,CAAC,CAACC,IAAI,CAAC;gBAACO,OAAO,EAAE,IAAI;gBAAEW,KAAK,EAAE,SAAS,GAAGA;cAAK,CAAC,CAAC;YACjE,CAAC,MAAM;cACLvB,GAAG,CAACI,MAAM,CAAC,GAAG,CAAC,CAACC,IAAI,CAAC;gBAACY,IAAI,EAAE,GAAG;gBAACJ,GAAG,EAAE;cAAwC,CAAC,CAAC;YACjF;UACF,CAAC,CAAC;QAAC;QAAA;UAAA;MAAA;IAAA;EAAA,CAER;EAAA;IAAA;EAAA;AAAA,IAAC,CAAC;AAELrB,MAAM,CAACc,IAAI,CAAC,8BAA8B,EAAE,IAAAC,+BAAY;EAAA,0FAAC,kBAAOR,GAAG,EAAEC,GAAG;IAAA;IAAA;MAAA;QAAA;UAC9D6B,EAAE,GAAG9B,GAAG,CAACU,IAAI,CAACoB,EAAE;UAChBC,QAAQ,GAAG/B,GAAG,CAACgC,MAAM,CAACD,QAAQ;UAAA;UAAA,OACjB7B,qBAAI,CAACiB,cAAc,CAACY,QAAQ,CAAC;QAAA;UAA1CX,IAAI;UAAA,IACLA,IAAI,CAACa,eAAe,CAACC,QAAQ,CAACJ,EAAE,CAAC;YAAA;YAAA;UAAA;UAAA;UAAA,OAC5BV,IAAI,CAACa,eAAe,CAACE,IAAI,CAACL,EAAE,CAAC;QAAA;UAAA;UAAA,OAC7BV,IAAI,CAACgB,IAAI,EAAE;QAAA;UACjBnC,GAAG,CAACI,MAAM,CAAC,GAAG,CAAC,CAACC,IAAI,CAACc,IAAI,CAAC;UAAC;UAAA;QAAA;UAG7BnB,GAAG,CAACI,MAAM,CAAC,GAAG,CAAC,CAACC,IAAI,CAAC;YAACY,IAAI,EAAE,GAAG;YAACJ,GAAG,EAAE;UAAwB,CAAC,CAAC;QAAA;QAAA;UAAA;MAAA;IAAA;EAAA,CAElE;EAAA;IAAA;EAAA;AAAA,IAAC,CAAC;AAELrB,MAAM,CAACc,IAAI,CAAC,qCAAqC,EAAE,IAAAC,+BAAY;EAAA,0FAAC,kBAAOR,GAAG,EAAEC,GAAG;IAAA;IAAA;MAAA;QAAA;UACvE6B,EAAE,GAAG9B,GAAG,CAACU,IAAI,CAACoB,EAAE;UAChBC,QAAQ,GAAG/B,GAAG,CAACgC,MAAM,CAACD,QAAQ;UAAA;UAAA,OACjB7B,qBAAI,CAACiB,cAAc,CAACY,QAAQ,CAAC;QAAA;UAA1CX,IAAI;UAAA;UAAA,OACUiB,sBAAU,CAACC,eAAe,CAACR,EAAE,CAAC;QAAA;UAA5CS,KAAK;UAAA;UAAA,OACUnB,IAAI,CAACa,eAAe,CAACO,OAAO,CAACD,KAAK,CAAC;QAAA;UAAlDE,KAAK;UAAA;UAAA,OACLrB,IAAI,CAACa,eAAe,CAACS,MAAM,CAACD,KAAK,EAAG,CAAC,CAAC;QAAA;UAAA;UAAA,OACtCrB,IAAI,CAACgB,IAAI,EAAE;QAAA;UACjBnC,GAAG,CAACI,MAAM,CAAC,GAAG,CAAC,CAACC,IAAI,CAACc,IAAI,CAAC;QAAC;QAAA;UAAA;MAAA;IAAA;EAAA,CAC5B;EAAA;IAAA;EAAA;AAAA,IAAC,CAAC;AAGH3B,MAAM,CAACM,GAAG,CAAC,8BAA8B,EAAE,IAAAS,+BAAY;EAAA,0FAAE,kBAAOR,GAAG,EAAEC,GAAG;IAAA;IAAA;MAAA;QAAA;UAChE8B,QAAQ,GAAG/B,GAAG,CAACgC,MAAM,CAACD,QAAQ;UAAA;UAAA,OACjB7B,qBAAI,CAACiB,cAAc,CAACY,QAAQ,CAAC,CAACY,QAAQ,CAAC,iBAAiB,CAAC;QAAA;UAAtEvB,IAAI;UACVnB,GAAG,CAACI,MAAM,CAAC,GAAG,CAAC,CAACC,IAAI,CAACc,IAAI,CAACa,eAAe,CAAC;QAAC;QAAA;UAAA;MAAA;IAAA;EAAA,CAC5C;EAAA;IAAA;EAAA;AAAA,IAAC,CAAC;AAEHxC,MAAM,CAACc,IAAI,CAAC,0BAA0B,EAAE,IAAAC,+BAAY;EAAA,0FAAC,kBAAOR,GAAG,EAAEC,GAAG;IAAA;IAAA;MAAA;QAAA;UAC5D6B,EAAE,GAAG9B,GAAG,CAACU,IAAI,CAACoB,EAAE;UAChBC,QAAQ,GAAG/B,GAAG,CAACgC,MAAM,CAACD,QAAQ;UAAA;UAAA,OACjB7B,qBAAI,CAACiB,cAAc,CAACY,QAAQ,CAAC;QAAA;UAA1CX,IAAI;UAAA,IACLA,IAAI,CAACwB,WAAW,CAACV,QAAQ,CAACJ,EAAE,CAAC;YAAA;YAAA;UAAA;UAAA;UAAA,OACxBV,IAAI,CAACwB,WAAW,CAACT,IAAI,CAACL,EAAE,CAAC;QAAA;UAAA;UAAA,OACzBV,IAAI,CAACgB,IAAI,EAAE;QAAA;UACjBnC,GAAG,CAACI,MAAM,CAAC,GAAG,CAAC,CAACC,IAAI,CAACc,IAAI,CAAC;UAAC;UAAA;QAAA;UAG7BnB,GAAG,CAACI,MAAM,CAAC,GAAG,CAAC,CAACC,IAAI,CAAC;YAACY,IAAI,EAAE,GAAG;YAACJ,GAAG,EAAE;UAAwB,CAAC,CAAC;QAAA;QAAA;UAAA;MAAA;IAAA;EAAA,CAElE;EAAA;IAAA;EAAA;AAAA,IAAC,CAAC;AAEHrB,MAAM,CAACc,IAAI,CAAC,iCAAiC,EAAE,IAAAC,+BAAY;EAAA,0FAAC,kBAAOR,GAAG,EAAEC,GAAG;IAAA;IAAA;MAAA;QAAA;UACnE6B,EAAE,GAAG9B,GAAG,CAACU,IAAI,CAACoB,EAAE;UAChBC,QAAQ,GAAG/B,GAAG,CAACgC,MAAM,CAACD,QAAQ;UAAA;UAAA,OACjB7B,qBAAI,CAACiB,cAAc,CAACY,QAAQ,CAAC;QAAA;UAA1CX,IAAI;UACJqB,KAAK,GAAGrB,IAAI,CAACwB,WAAW,CAACJ,OAAO,CAACV,EAAE,CAAC;UAAA;UAAA,OACpCV,IAAI,CAACwB,WAAW,CAACF,MAAM,CAACD,KAAK,EAAC,CAAC,CAAC;QAAA;UAAA;UAAA,OAChCrB,IAAI,CAACgB,IAAI,EAAE;QAAA;UACjBnC,GAAG,CAACI,MAAM,CAAC,GAAG,CAAC,CAACC,IAAI,CAACc,IAAI,CAAC;QAAC;QAAA;UAAA;MAAA;IAAA;EAAA,CAC5B;EAAA;IAAA;EAAA;AAAA,IAAC,CAAC;AAEH3B,MAAM,CAACM,GAAG,CAAC,0BAA0B,EAAE,IAAAS,+BAAY;EAAA,0FAAE,kBAAOR,GAAG,EAAEC,GAAG;IAAA;IAAA;MAAA;QAAA;UAC9D8B,QAAQ,GAAG/B,GAAG,CAACgC,MAAM,CAACD,QAAQ;UAAA;UAAA,OACjB7B,qBAAI,CAACiB,cAAc,CAACY,QAAQ,CAAC,CAACY,QAAQ,CAAC,aAAa,CAAC;QAAA;UAAlEvB,IAAI;UACVnB,GAAG,CAACI,MAAM,CAAC,GAAG,CAAC,CAACC,IAAI,CAACc,IAAI,CAACwB,WAAW,CAAC;QAAC;QAAA;UAAA;MAAA;IAAA;EAAA,CACtC;EAAA;IAAA;EAAA;AAAA,IAAC,CAAC;AAAC,eAEWnD,MAAM;AAAA"},"_coverageSchema":"1a1c01bbd47fc00a2c39e90264f33305004495a9","hash":"df430891423628abf24518c88e7de4b3e41b18f2","contentHash":"3b150bea5a443f3590a9598435563e716e9eb52289e2babbbb2f1672d6b46618"}}